This is pdfTeX, Version 3.14159265-2.6-1.40.19 (MiKTeX 2.9.6800) (preloaded format=pdflatex 2018.9.26)  2 OCT 2018 21:38
entering extended mode
**./kek.tex
(kek.tex
LaTeX2e <2018-04-01> patch level 5
! Undefined control sequence.
l.1 \problemset
               {–ß–∏—Å–ª–∞ –§–∏–±–æ–Ω–∞—á—á–∏}
The control sequence at the end of the top line
of your error message was never \def'ed. If you have
misspelled it (e.g., `\hobx'), type `I' and the correct
spelling (e.g., `I\hbox'). Otherwise just continue,
and I'll forget about whatever was undefined.


! Package inputenc Error: Unicode character –ß (U+427)
(inputenc)                not set up for use with LaTeX.

See the inputenc package documentation for explanation.
Type  H <return>  for immediate help.
 ...                                              
                                                  
l.1 \problemset{–ß
                  –∏—Å–ª–∞ –§–∏–±–æ–Ω–∞—á—á–∏}
You may provide a definition with
\DeclareUnicodeCharacter 


! Package inputenc Error: Unicode character –∏ (U+438)
(inputenc)                not set up for use with LaTeX.

See the inputenc package documentation for explanation.
Type  H <return>  for immediate help.
 ...                                              
                                                  
l.1 \problemset{–ß–∏
                    —Å–ª–∞ –§–∏–±–æ–Ω–∞—á—á–∏}
You may provide a definition with
\DeclareUnicodeCharacter 


! Package inputenc Error: Unicode character —Å (U+441)
(inputenc)                not set up for use with LaTeX.

See the inputenc package documentation for explanation.
Type  H <return>  for immediate help.
 ...                                              
                                                  
l.1 \problemset{–ß–∏—Å
                      –ª–∞ –§–∏–±–æ–Ω–∞—á—á–∏}
You may provide a definition with
\DeclareUnicodeCharacter 


! Package inputenc Error: Unicode character –ª (U+43B)
(inputenc)                not set up for use with LaTeX.

See the inputenc package documentation for explanation.
Type  H <return>  for immediate help.
 ...                                              
                                                  
l.1 \problemset{–ß–∏—Å–ª
                        –∞ –§–∏–±–æ–Ω–∞—á—á–∏}
You may provide a definition with
\DeclareUnicodeCharacter 


! Package inputenc Error: Unicode character –∞ (U+430)
(inputenc)                not set up for use with LaTeX.

See the inputenc package documentation for explanation.
Type  H <return>  for immediate help.
 ...                                              
                                                  
l.1 \problemset{–ß–∏—Å–ª–∞
                           –§–∏–±–æ–Ω–∞—á—á–∏}
You may provide a definition with
\DeclareUnicodeCharacter 


! Package inputenc Error: Unicode character –§ (U+424)
(inputenc)                not set up for use with LaTeX.

See the inputenc package documentation for explanation.
Type  H <return>  for immediate help.
 ...                                              
                                                  
l.1 \problemset{–ß–∏—Å–ª–∞ –§
                             –∏–±–æ–Ω–∞—á—á–∏}
You may provide a definition with
\DeclareUnicodeCharacter 


! Package inputenc Error: Unicode character –∏ (U+438)
(inputenc)                not set up for use with LaTeX.

See the inputenc package documentation for explanation.
Type  H <return>  for immediate help.
 ...                                              
                                                  
l.1 \problemset{–ß–∏—Å–ª–∞ –§–∏
                               –±–æ–Ω–∞—á—á–∏}
You may provide a definition with
\DeclareUnicodeCharacter 


! Package inputenc Error: Unicode character –± (U+431)
(inputenc)                not set up for use with LaTeX.

See the inputenc package documentation for explanation.
Type  H <return>  for immediate help.
 ...                                              
                                                  
l.1 \problemset{–ß–∏—Å–ª–∞ –§–∏–±
                                 –æ–Ω–∞—á—á–∏}
You may provide a definition with
\DeclareUnicodeCharacter 


! Package inputenc Error: Unicode character –æ (U+43E)
(inputenc)                not set up for use with LaTeX.

See the inputenc package documentation for explanation.
Type  H <return>  for immediate help.
 ...                                              
                                                  
l.1 \problemset{–ß–∏—Å–ª–∞ –§–∏–±–æ
                                   –Ω–∞—á—á–∏}
You may provide a definition with
\DeclareUnicodeCharacter 


! Package inputenc Error: Unicode character –Ω (U+43D)
(inputenc)                not set up for use with LaTeX.

See the inputenc package documentation for explanation.
Type  H <return>  for immediate help.
 ...                                              
                                                  
l.1 \problemset{–ß–∏—Å–ª–∞ –§–∏–±–æ–Ω
                                     –∞—á—á–∏}
You may provide a definition with
\DeclareUnicodeCharacter 


! Package inputenc Error: Unicode character –∞ (U+430)
(inputenc)                not set up for use with LaTeX.

See the inputenc package documentation for explanation.
Type  H <return>  for immediate help.
 ...                                              
                                                  
l.1 \problemset{–ß–∏—Å–ª–∞ –§–∏–±–æ–Ω–∞
                                       —á—á–∏}
You may provide a definition with
\DeclareUnicodeCharacter 


! Package inputenc Error: Unicode character —á (U+447)
(inputenc)                not set up for use with LaTeX.

See the inputenc package documentation for explanation.
Type  H <return>  for immediate help.
 ...                                              
                                                  
l.1 \problemset{–ß–∏—Å–ª–∞ –§–∏–±–æ–Ω–∞—á
                                         —á–∏}
You may provide a definition with
\DeclareUnicodeCharacter 


! Package inputenc Error: Unicode character —á (U+447)
(inputenc)                not set up for use with LaTeX.

See the inputenc package documentation for explanation.
Type  H <return>  for immediate help.
 ...                                              
                                                  
l.1 \problemset{–ß–∏—Å–ª–∞ –§–∏–±–æ–Ω–∞—á—á
                                           –∏}
You may provide a definition with
\DeclareUnicodeCharacter 


! Package inputenc Error: Unicode character –∏ (U+438)
(inputenc)                not set up for use with LaTeX.

See the inputenc package documentation for explanation.
Type  H <return>  for immediate help.
 ...                                              
                                                  
l.1 \problemset{–ß–∏—Å–ª–∞ –§–∏–±–æ–Ω–∞—á—á–∏
                                             }
You may provide a definition with
\DeclareUnicodeCharacter 


! LaTeX Error: Environment problem undefined.

See the LaTeX manual or LaTeX Companion for explanation.
Type  H <return>  for immediate help.
 ...                                              
                                                  
l.3 \begin{problem}
                   
Your command was ignored.
Type  I <command> <return>  to replace it with another command,
or  <return>  to continue without it.


! Package inputenc Error: Unicode character –î (U+414)
(inputenc)                not set up for use with LaTeX.

See the inputenc package documentation for explanation.
Type  H <return>  for immediate help.
 ...                                              
                                                  
l.4 –î
      –æ–∫–∞–∑–∞—Ç—å, —á—Ç–æ –¥–ª—è —á–∏—Å–µ–ª –§–∏–±–æ–Ω–∞—á—á–∏ —Å–ø—Ä–∞–≤...

You may provide a definition with
\DeclareUnicodeCharacter 


! Package inputenc Error: Unicode character –æ (U+43E)
(inputenc)                not set up for use with LaTeX.

See the inputenc package documentation for explanation.
Type  H <return>  for immediate help.
 ...                                              
                                                  
l.4 –î–æ
        –∫–∞–∑–∞—Ç—å, —á—Ç–æ –¥–ª—è —á–∏—Å–µ–ª –§–∏–±–æ–Ω–∞—á—á–∏ —Å–ø—Ä–∞–≤...

You may provide a definition with
\DeclareUnicodeCharacter 


! Package inputenc Error: Unicode character –∫ (U+43A)
(inputenc)                not set up for use with LaTeX.

See the inputenc package documentation for explanation.
Type  H <return>  for immediate help.
 ...                                              
                                                  
l.4 –î–æ–∫
          –∞–∑–∞—Ç—å, —á—Ç–æ –¥–ª—è —á–∏—Å–µ–ª –§–∏–±–æ–Ω–∞—á—á–∏ —Å–ø—Ä–∞–≤...

You may provide a definition with
\DeclareUnicodeCharacter 


! Package inputenc Error: Unicode character –∞ (U+430)
(inputenc)                not set up for use with LaTeX.

See the inputenc package documentation for explanation.
Type  H <return>  for immediate help.
 ...                                              
                                                  
l.4 –î–æ–∫–∞
            –∑–∞—Ç—å, —á—Ç–æ –¥–ª—è —á–∏—Å–µ–ª –§–∏–±–æ–Ω–∞—á—á–∏ —Å–ø—Ä–∞–≤...

You may provide a definition with
\DeclareUnicodeCharacter 


! Package inputenc Error: Unicode character –∑ (U+437)
(inputenc)                not set up for use with LaTeX.

See the inputenc package documentation for explanation.
Type  H <return>  for immediate help.
 ...                                              
                                                  
l.4 –î–æ–∫–∞–∑
              –∞—Ç—å, —á—Ç–æ –¥–ª—è —á–∏—Å–µ–ª –§–∏–±–æ–Ω–∞—á—á–∏ —Å–ø—Ä–∞–≤...

You may provide a definition with
\DeclareUnicodeCharacter 


! Package inputenc Error: Unicode character –∞ (U+430)
(inputenc)                not set up for use with LaTeX.

See the inputenc package documentation for explanation.
Type  H <return>  for immediate help.
 ...                                              
                                                  
l.4 –î–æ–∫–∞–∑–∞
                —Ç—å, —á—Ç–æ –¥–ª—è —á–∏—Å–µ–ª –§–∏–±–æ–Ω–∞—á—á–∏ —Å–ø—Ä–∞–≤...

You may provide a definition with
\DeclareUnicodeCharacter 


! Package inputenc Error: Unicode character —Ç (U+442)
(inputenc)                not set up for use with LaTeX.

See the inputenc package documentation for explanation.
Type  H <return>  for immediate help.
 ...                                              
                                                  
l.4 –î–æ–∫–∞–∑–∞—Ç
                  —å, —á—Ç–æ –¥–ª—è —á–∏—Å–µ–ª –§–∏–±–æ–Ω–∞—á—á–∏ —Å–ø—Ä–∞–≤...

You may provide a definition with
\DeclareUnicodeCharacter 


! Package inputenc Error: Unicode character —å (U+44C)
(inputenc)                not set up for use with LaTeX.

See the inputenc package documentation for explanation.
Type  H <return>  for immediate help.
 ...                                              
                                                  
l.4 –î–æ–∫–∞–∑–∞—Ç—å
                    , —á—Ç–æ –¥–ª—è —á–∏—Å–µ–ª –§–∏–±–æ–Ω–∞—á—á–∏ —Å–ø—Ä–∞–≤...

You may provide a definition with
\DeclareUnicodeCharacter 


! LaTeX Error: Missing \begin{document}.

See the LaTeX manual or LaTeX Companion for explanation.
Type  H <return>  for immediate help.
 ...                                              
                                                  
l.4 –î–æ–∫–∞–∑–∞—Ç—å,
                      —á—Ç–æ –¥–ª—è —á–∏—Å–µ–ª –§–∏–±–æ–Ω–∞—á—á–∏ —Å–ø—Ä–∞–≤...

You're in trouble here.  Try typing  <return>  to proceed.
If that doesn't work, type  X <return>  to quit.

Missing character: There is no , in font nullfont!

! Package inputenc Error: Unicode character —á (U+447)
(inputenc)                not set up for use with LaTeX.

See the inputenc package documentation for explanation.
Type  H <return>  for immediate help.
 ...                                              
                                                  
l.4 –î–æ–∫–∞–∑–∞—Ç—å, —á
                        —Ç–æ –¥–ª—è —á–∏—Å–µ–ª –§–∏–±–æ–Ω–∞—á—á–∏ —Å–ø—Ä–∞–≤...

You may provide a definition with
\DeclareUnicodeCharacter 


! Package inputenc Error: Unicode character —Ç (U+442)
(inputenc)                not set up for use with LaTeX.

See the inputenc package documentation for explanation.
Type  H <return>  for immediate help.
 ...                                              
                                                  
l.4 –î–æ–∫–∞–∑–∞—Ç—å, —á—Ç
                          –æ –¥–ª—è —á–∏—Å–µ–ª –§–∏–±–æ–Ω–∞—á—á–∏ —Å–ø—Ä–∞–≤...

You may provide a definition with
\DeclareUnicodeCharacter 


! Package inputenc Error: Unicode character –æ (U+43E)
(inputenc)                not set up for use with LaTeX.

See the inputenc package documentation for explanation.
Type  H <return>  for immediate help.
 ...                                              
                                                  
l.4 –î–æ–∫–∞–∑–∞—Ç—å, —á—Ç–æ
                             –¥–ª—è —á–∏—Å–µ–ª –§–∏–±–æ–Ω–∞—á—á–∏ —Å–ø—Ä–∞–≤...

You may provide a definition with
\DeclareUnicodeCharacter 


! Package inputenc Error: Unicode character –¥ (U+434)
(inputenc)                not set up for use with LaTeX.

See the inputenc package documentation for explanation.
Type  H <return>  for immediate help.
 ...                                              
                                                  
l.4 –î–æ–∫–∞–∑–∞—Ç—å, —á—Ç–æ –¥
                               –ª—è —á–∏—Å–µ–ª –§–∏–±–æ–Ω–∞—á—á–∏ —Å–ø—Ä–∞–≤...

You may provide a definition with
\DeclareUnicodeCharacter 


! Package inputenc Error: Unicode character –ª (U+43B)
(inputenc)                not set up for use with LaTeX.

See the inputenc package documentation for explanation.
Type  H <return>  for immediate help.
 ...                                              
                                                  
l.4 –î–æ–∫–∞–∑–∞—Ç—å, —á—Ç–æ –¥–ª
                                 —è —á–∏—Å–µ–ª –§–∏–±–æ–Ω–∞—á—á–∏ —Å–ø—Ä–∞–≤...

You may provide a definition with
\DeclareUnicodeCharacter 


! Package inputenc Error: Unicode character —è (U+44F)
(inputenc)                not set up for use with LaTeX.

See the inputenc package documentation for explanation.
Type  H <return>  for immediate help.
 ...                                              
                                                  
l.4 –î–æ–∫–∞–∑–∞—Ç—å, —á—Ç–æ –¥–ª—è
                                    —á–∏—Å–µ–ª –§–∏–±–æ–Ω–∞—á—á–∏ —Å–ø—Ä–∞–≤...

You may provide a definition with
\DeclareUnicodeCharacter 


! Package inputenc Error: Unicode character —á (U+447)
(inputenc)                not set up for use with LaTeX.

See the inputenc package documentation for explanation.
Type  H <return>  for immediate help.
 ...                                              
                                                  
l.4 –î–æ–∫–∞–∑–∞—Ç—å, —á—Ç–æ –¥–ª—è —á
                                      –∏—Å–µ–ª –§–∏–±–æ–Ω–∞—á—á–∏ —Å–ø—Ä–∞–≤...

You may provide a definition with
\DeclareUnicodeCharacter 


! Package inputenc Error: Unicode character –∏ (U+438)
(inputenc)                not set up for use with LaTeX.

See the inputenc package documentation for explanation.
Type  H <return>  for immediate help.
 ...                                              
                                                  
l.4 –î–æ–∫–∞–∑–∞—Ç—å, —á—Ç–æ –¥–ª—è —á–∏
                                        —Å–µ–ª –§–∏–±–æ–Ω–∞—á—á–∏ —Å–ø—Ä–∞–≤...

You may provide a definition with
\DeclareUnicodeCharacter 


! Package inputenc Error: Unicode character —Å (U+441)
(inputenc)                not set up for use with LaTeX.

See the inputenc package documentation for explanation.
Type  H <return>  for immediate help.
 ...                                              
                                                  
l.4 –î–æ–∫–∞–∑–∞—Ç—å, —á—Ç–æ –¥–ª—è —á–∏—Å
                                          –µ–ª –§–∏–±–æ–Ω–∞—á—á–∏ —Å–ø—Ä–∞–≤...

You may provide a definition with
\DeclareUnicodeCharacter 


! Package inputenc Error: Unicode character –µ (U+435)
(inputenc)                not set up for use with LaTeX.

See the inputenc package documentation for explanation.
Type  H <return>  for immediate help.
 ...                                              
                                                  
l.4 –î–æ–∫–∞–∑–∞—Ç—å, —á—Ç–æ –¥–ª—è —á–∏—Å–µ
                                            –ª –§–∏–±–æ–Ω–∞—á—á–∏ —Å–ø—Ä–∞–≤...

You may provide a definition with
\DeclareUnicodeCharacter 


! Package inputenc Error: Unicode character –ª (U+43B)
(inputenc)                not set up for use with LaTeX.

See the inputenc package documentation for explanation.
Type  H <return>  for immediate help.
 ...                                              
                                                  
l.4 –î–æ–∫–∞–∑–∞—Ç—å, —á—Ç–æ –¥–ª—è —á–∏—Å–µ–ª
                                               –§–∏–±–æ–Ω–∞—á—á–∏ —Å–ø—Ä–∞–≤...

You may provide a definition with
\DeclareUnicodeCharacter 


! Package inputenc Error: Unicode character –§ (U+424)
(inputenc)                not set up for use with LaTeX.

See the inputenc package documentation for explanation.
Type  H <return>  for immediate help.
 ...                                              
                                                  
l.4 –î–æ–∫–∞–∑–∞—Ç—å, —á—Ç–æ –¥–ª—è —á–∏—Å–µ–ª –§
                                                 –∏–±–æ–Ω–∞—á—á–∏ —Å–ø—Ä–∞–≤...

You may provide a definition with
\DeclareUnicodeCharacter 


! Package inputenc Error: Unicode character –∏ (U+438)
(inputenc)                not set up for use with LaTeX.

See the inputenc package documentation for explanation.
Type  H <return>  for immediate help.
 ...                                              
                                                  
l.4 ...–∫–∞–∑–∞—Ç—å, —á—Ç–æ –¥–ª—è —á–∏—Å–µ–ª –§–∏
                                                  –±–æ–Ω–∞—á—á–∏ —Å–ø—Ä–∞–≤–...

You may provide a definition with
\DeclareUnicodeCharacter 


! Package inputenc Error: Unicode character –± (U+431)
(inputenc)                not set up for use with LaTeX.

See the inputenc package documentation for explanation.
Type  H <return>  for immediate help.
 ...                                              
                                                  
l.4 ...–∞–∑–∞—Ç—å, —á—Ç–æ –¥–ª—è —á–∏—Å–µ–ª –§–∏–±
                                                  –æ–Ω–∞—á—á–∏ —Å–ø—Ä–∞–≤–µ–...

You may provide a definition with
\DeclareUnicodeCharacter 


! Package inputenc Error: Unicode character –æ (U+43E)
(inputenc)                not set up for use with LaTeX.

See the inputenc package documentation for explanation.
Type  H <return>  for immediate help.
 ...                                              
                                                  
l.4 ...–∑–∞—Ç—å, —á—Ç–æ –¥–ª—è —á–∏—Å–µ–ª –§–∏–±–æ
                                                  –Ω–∞—á—á–∏ —Å–ø—Ä–∞–≤–µ–¥–...

You may provide a definition with
\DeclareUnicodeCharacter 


! Package inputenc Error: Unicode character –Ω (U+43D)
(inputenc)                not set up for use with LaTeX.

See the inputenc package documentation for explanation.
Type  H <return>  for immediate help.
 ...                                              
                                                  
l.4 ...–∞—Ç—å, —á—Ç–æ –¥–ª—è —á–∏—Å–µ–ª –§–∏–±–æ–Ω
                                                  –∞—á—á–∏ —Å–ø—Ä–∞–≤–µ–¥–ª–...

You may provide a definition with
\DeclareUnicodeCharacter 


! Package inputenc Error: Unicode character –∞ (U+430)
(inputenc)                not set up for use with LaTeX.

See the inputenc package documentation for explanation.
Type  H <return>  for immediate help.
 ...                                              
                                                  
l.4 ...—Ç—å, —á—Ç–æ –¥–ª—è —á–∏—Å–µ–ª –§–∏–±–æ–Ω–∞
                                                  —á—á–∏ —Å–ø—Ä–∞–≤–µ–¥–ª–∏–...

You may provide a definition with
\DeclareUnicodeCharacter 


! Package inputenc Error: Unicode character —á (U+447)
(inputenc)                not set up for use with LaTeX.

See the inputenc package documentation for explanation.
Type  H <return>  for immediate help.
 ...                                              
                                                  
l.4 ...—å, —á—Ç–æ –¥–ª—è —á–∏—Å–µ–ª –§–∏–±–æ–Ω–∞—á
                                                  —á–∏ —Å–ø—Ä–∞–≤–µ–¥–ª–∏–≤–...

You may provide a definition with
\DeclareUnicodeCharacter 


! Package inputenc Error: Unicode character —á (U+447)
(inputenc)                not set up for use with LaTeX.

See the inputenc package documentation for explanation.
Type  H <return>  for immediate help.
 ...                                              
                                                  
l.4 ..., —á—Ç–æ –¥–ª—è —á–∏—Å–µ–ª –§–∏–±–æ–Ω–∞—á—á
                                                  –∏ —Å–ø—Ä–∞–≤–µ–¥–ª–∏–≤–æ ...

You may provide a definition with
\DeclareUnicodeCharacter 


! Package inputenc Error: Unicode character –∏ (U+438)
(inputenc)                not set up for use with LaTeX.

See the inputenc package documentation for explanation.
Type  H <return>  for immediate help.
 ...                                              
                                                  
l.4 ...—á—Ç–æ –¥–ª—è —á–∏—Å–µ–ª –§–∏–±–æ–Ω–∞—á—á–∏
                                                   —Å–ø—Ä–∞–≤–µ–¥–ª–∏–≤–æ —Å...

You may provide a definition with
\DeclareUnicodeCharacter 


! Package inputenc Error: Unicode character —Å (U+441)
(inputenc)                not set up for use with LaTeX.

See the inputenc package documentation for explanation.
Type  H <return>  for immediate help.
 ...                                              
                                                  
l.4 ...Ç–æ –¥–ª—è —á–∏—Å–µ–ª –§–∏–±–æ–Ω–∞—á—á–∏ —Å
                                                  –ø—Ä–∞–≤–µ–¥–ª–∏–≤–æ —Å–ª–...

You may provide a definition with
\DeclareUnicodeCharacter 


! Package inputenc Error: Unicode character –ø (U+43F)
(inputenc)                not set up for use with LaTeX.

See the inputenc package documentation for explanation.
Type  H <return>  for immediate help.
 ...                                              
                                                  
l.4 ...æ –¥–ª—è —á–∏—Å–µ–ª –§–∏–±–æ–Ω–∞—á—á–∏ —Å–ø
                                                  —Ä–∞–≤–µ–¥–ª–∏–≤–æ —Å–ª–µ–...

You may provide a definition with
\DeclareUnicodeCharacter 


! Package inputenc Error: Unicode character —Ä (U+440)
(inputenc)                not set up for use with LaTeX.

See the inputenc package documentation for explanation.
Type  H <return>  for immediate help.
 ...                                              
                                                  
l.4 ...–¥–ª—è —á–∏—Å–µ–ª –§–∏–±–æ–Ω–∞—á—á–∏ —Å–ø—Ä
                                                  –∞–≤–µ–¥–ª–∏–≤–æ —Å–ª–µ–¥—...

You may provide a definition with
\DeclareUnicodeCharacter 


! Package inputenc Error: Unicode character –∞ (U+430)
(inputenc)                not set up for use with LaTeX.

See the inputenc package documentation for explanation.
Type  H <return>  for immediate help.
 ...                                              
                                                  
l.4 ...–ª—è —á–∏—Å–µ–ª –§–∏–±–æ–Ω–∞—á—á–∏ —Å–ø—Ä–∞
                                                  –≤–µ–¥–ª–∏–≤–æ —Å–ª–µ–¥—É—...

You may provide a definition with
\DeclareUnicodeCharacter 


! Package inputenc Error: Unicode character –≤ (U+432)
(inputenc)                not set up for use with LaTeX.

See the inputenc package documentation for explanation.
Type  H <return>  for immediate help.
 ...                                              
                                                  
l.4 ...—è —á–∏—Å–µ–ª –§–∏–±–æ–Ω–∞—á—á–∏ —Å–ø—Ä–∞–≤
                                                  –µ–¥–ª–∏–≤–æ —Å–ª–µ–¥—É—é—...

You may provide a definition with
\DeclareUnicodeCharacter 


! Package inputenc Error: Unicode character –µ (U+435)
(inputenc)                not set up for use with LaTeX.

See the inputenc package documentation for explanation.
Type  H <return>  for immediate help.
 ...                                              
                                                  
l.4 ... —á–∏—Å–µ–ª –§–∏–±–æ–Ω–∞—á—á–∏ —Å–ø—Ä–∞–≤–µ
                                                  –¥–ª–∏–≤–æ —Å–ª–µ–¥—É—é—â–...

You may provide a definition with
\DeclareUnicodeCharacter 


! Package inputenc Error: Unicode character –¥ (U+434)
(inputenc)                not set up for use with LaTeX.

See the inputenc package documentation for explanation.
Type  H <return>  for immediate help.
 ...                                              
                                                  
l.4 ...á–∏—Å–µ–ª –§–∏–±–æ–Ω–∞—á—á–∏ —Å–ø—Ä–∞–≤–µ–¥
                                                  –ª–∏–≤–æ —Å–ª–µ–¥—É—é—â–µ–...

You may provide a definition with
\DeclareUnicodeCharacter 


! Package inputenc Error: Unicode character –ª (U+43B)
(inputenc)                not set up for use with LaTeX.

See the inputenc package documentation for explanation.
Type  H <return>  for immediate help.
 ...                                              
                                                  
l.4 ...∏—Å–µ–ª –§–∏–±–æ–Ω–∞—á—á–∏ —Å–ø—Ä–∞–≤–µ–¥–ª
                                                  –∏–≤–æ —Å–ª–µ–¥—É—é—â–µ–µ ...

You may provide a definition with
\DeclareUnicodeCharacter 


! Package inputenc Error: Unicode character –∏ (U+438)
(inputenc)                not set up for use with LaTeX.

See the inputenc package documentation for explanation.
Type  H <return>  for immediate help.
 ...                                              
                                                  
l.4 ...Å–µ–ª –§–∏–±–æ–Ω–∞—á—á–∏ —Å–ø—Ä–∞–≤–µ–¥–ª–∏
                                                  –≤–æ —Å–ª–µ–¥—É—é—â–µ–µ —É...

You may provide a definition with
\DeclareUnicodeCharacter 


! Package inputenc Error: Unicode character –≤ (U+432)
(inputenc)                not set up for use with LaTeX.

See the inputenc package documentation for explanation.
Type  H <return>  for immediate help.
 ...                                              
                                                  
l.4 ...µ–ª –§–∏–±–æ–Ω–∞—á—á–∏ —Å–ø—Ä–∞–≤–µ–¥–ª–∏–≤
                                                  –æ —Å–ª–µ–¥—É—é—â–µ–µ —É—Ç...

You may provide a definition with
\DeclareUnicodeCharacter 


! Package inputenc Error: Unicode character –æ (U+43E)
(inputenc)                not set up for use with LaTeX.

See the inputenc package documentation for explanation.
Type  H <return>  for immediate help.
 ...                                              
                                                  
l.4 ...ª –§–∏–±–æ–Ω–∞—á—á–∏ —Å–ø—Ä–∞–≤–µ–¥–ª–∏–≤–æ
                                                   —Å–ª–µ–¥—É—é—â–µ–µ —É—Ç–≤...

You may provide a definition with
\DeclareUnicodeCharacter 


! Package inputenc Error: Unicode character —Å (U+441)
(inputenc)                not set up for use with LaTeX.

See the inputenc package documentation for explanation.
Type  H <return>  for immediate help.
 ...                                              
                                                  
l.4 ...§–∏–±–æ–Ω–∞—á—á–∏ —Å–ø—Ä–∞–≤–µ–¥–ª–∏–≤–æ —Å
                                                  –ª–µ–¥—É—é—â–µ–µ —É—Ç–≤–µ—...

You may provide a definition with
\DeclareUnicodeCharacter 


! Package inputenc Error: Unicode character –ª (U+43B)
(inputenc)                not set up for use with LaTeX.

See the inputenc package documentation for explanation.
Type  H <return>  for immediate help.
 ...                                              
                                                  
l.4 ...∏–±–æ–Ω–∞—á—á–∏ —Å–ø—Ä–∞–≤–µ–¥–ª–∏–≤–æ —Å–ª
                                                  –µ–¥—É—é—â–µ–µ —É—Ç–≤–µ—Ä–...

You may provide a definition with
\DeclareUnicodeCharacter 


! Package inputenc Error: Unicode character –µ (U+435)
(inputenc)                not set up for use with LaTeX.

See the inputenc package documentation for explanation.
Type  H <return>  for immediate help.
 ...                                              
                                                  
l.4 ...±–æ–Ω–∞—á—á–∏ —Å–ø—Ä–∞–≤–µ–¥–ª–∏–≤–æ —Å–ª–µ
                                                  –¥—É—é—â–µ–µ —É—Ç–≤–µ—Ä–∂–...

You may provide a definition with
\DeclareUnicodeCharacter 


! Package inputenc Error: Unicode character –¥ (U+434)
(inputenc)                not set up for use with LaTeX.

See the inputenc package documentation for explanation.
Type  H <return>  for immediate help.
 ...                                              
                                                  
l.4 ...æ–Ω–∞—á—á–∏ —Å–ø—Ä–∞–≤–µ–¥–ª–∏–≤–æ —Å–ª–µ–¥
                                                  —É—é—â–µ–µ —É—Ç–≤–µ—Ä–∂–¥–...

You may provide a definition with
\DeclareUnicodeCharacter 


! Package inputenc Error: Unicode character —É (U+443)
(inputenc)                not set up for use with LaTeX.

See the inputenc package documentation for explanation.
Type  H <return>  for immediate help.
 ...                                              
                                                  
l.4 ...Ω–∞—á—á–∏ —Å–ø—Ä–∞–≤–µ–¥–ª–∏–≤–æ —Å–ª–µ–¥—É
                                                  —é—â–µ–µ —É—Ç–≤–µ—Ä–∂–¥–µ–...

You may provide a definition with
\DeclareUnicodeCharacter 


! Package inputenc Error: Unicode character —é (U+44E)
(inputenc)                not set up for use with LaTeX.

See the inputenc package documentation for explanation.
Type  H <return>  for immediate help.
 ...                                              
                                                  
l.4 ...∞—á—á–∏ —Å–ø—Ä–∞–≤–µ–¥–ª–∏–≤–æ —Å–ª–µ–¥—É—é
                                                  —â–µ–µ —É—Ç–≤–µ—Ä–∂–¥–µ–Ω–∏–µ

You may provide a definition with
\DeclareUnicodeCharacter 


! Package inputenc Error: Unicode character —â (U+449)
(inputenc)                not set up for use with LaTeX.

See the inputenc package documentation for explanation.
Type  H <return>  for immediate help.
 ...                                              
                                                  
l.4 ...á—á–∏ —Å–ø—Ä–∞–≤–µ–¥–ª–∏–≤–æ —Å–ª–µ–¥—É—é—â
                                                  –µ–µ —É—Ç–≤–µ—Ä–∂–¥–µ–Ω–∏–µ
You may provide a definition with
\DeclareUnicodeCharacter 


! Package inputenc Error: Unicode character –µ (U+435)
(inputenc)                not set up for use with LaTeX.

See the inputenc package documentation for explanation.
Type  H <return>  for immediate help.
 ...                                              
                                                  
l.4 ...á–∏ —Å–ø—Ä–∞–≤–µ–¥–ª–∏–≤–æ —Å–ª–µ–¥—É—é—â–µ
                                                  –µ —É—Ç–≤–µ—Ä–∂–¥–µ–Ω–∏–µ
You may provide a definition with
\DeclareUnicodeCharacter 


! Package inputenc Error: Unicode character –µ (U+435)
(inputenc)                not set up for use with LaTeX.

See the inputenc package documentation for explanation.
Type  H <return>  for immediate help.
 ...                                              
                                                  
l.4 ...∏ —Å–ø—Ä–∞–≤–µ–¥–ª–∏–≤–æ —Å–ª–µ–¥—É—é—â–µ–µ
                                                   —É—Ç–≤–µ—Ä–∂–¥–µ–Ω–∏–µ
You may provide a definition with
\DeclareUnicodeCharacter 


! Package inputenc Error: Unicode character —É (U+443)
(inputenc)                not set up for use with LaTeX.

See the inputenc package documentation for explanation.
Type  H <return>  for immediate help.
 ...                                              
                                                  
l.4 ...Å–ø—Ä–∞–≤–µ–¥–ª–∏–≤–æ —Å–ª–µ–¥—É—é—â–µ–µ —É
                                                  —Ç–≤–µ—Ä–∂–¥–µ–Ω–∏–µ
You may provide a definition with
\DeclareUnicodeCharacter 


! Package inputenc Error: Unicode character —Ç (U+442)
(inputenc)                not set up for use with LaTeX.

See the inputenc package documentation for explanation.
Type  H <return>  for immediate help.
 ...                                              
                                                  
l.4 ...ø—Ä–∞–≤–µ–¥–ª–∏–≤–æ —Å–ª–µ–¥—É—é—â–µ–µ —É—Ç
                                                  –≤–µ—Ä–∂–¥–µ–Ω–∏–µ
You may provide a definition with
\DeclareUnicodeCharacter 


! Package inputenc Error: Unicode character –≤ (U+432)
(inputenc)                not set up for use with LaTeX.

See the inputenc package documentation for explanation.
Type  H <return>  for immediate help.
 ...                                              
                                                  
l.4 ...Ä–∞–≤–µ–¥–ª–∏–≤–æ —Å–ª–µ–¥—É—é—â–µ–µ —É—Ç–≤
                                                  –µ—Ä–∂–¥–µ–Ω–∏–µ
You may provide a definition with
\DeclareUnicodeCharacter 


! Package inputenc Error: Unicode character –µ (U+435)
(inputenc)                not set up for use with LaTeX.

See the inputenc package documentation for explanation.
Type  H <return>  for immediate help.
 ...                                              
                                                  
l.4 ...∞–≤–µ–¥–ª–∏–≤–æ —Å–ª–µ–¥—É—é—â–µ–µ —É—Ç–≤–µ
                                                  —Ä–∂–¥–µ–Ω–∏–µ
You may provide a definition with
\DeclareUnicodeCharacter 


! Package inputenc Error: Unicode character —Ä (U+440)
(inputenc)                not set up for use with LaTeX.

See the inputenc package documentation for explanation.
Type  H <return>  for immediate help.
 ...                                              
                                                  
l.4 ...≤–µ–¥–ª–∏–≤–æ —Å–ª–µ–¥—É—é—â–µ–µ —É—Ç–≤–µ—Ä
                                                  –∂–¥–µ–Ω–∏–µ
You may provide a definition with
\DeclareUnicodeCharacter 


! Package inputenc Error: Unicode character –∂ (U+436)
(inputenc)                not set up for use with LaTeX.

See the inputenc package documentation for explanation.
Type  H <return>  for immediate help.
 ...                                              
                                                  
l.4 ...µ–¥–ª–∏–≤–æ —Å–ª–µ–¥—É—é—â–µ–µ —É—Ç–≤–µ—Ä–∂
                                                  –¥–µ–Ω–∏–µ
You may provide a definition with
\DeclareUnicodeCharacter 


! Package inputenc Error: Unicode character –¥ (U+434)
(inputenc)                not set up for use with LaTeX.

See the inputenc package documentation for explanation.
Type  H <return>  for immediate help.
 ...                                              
                                                  
l.4 ...¥–ª–∏–≤–æ —Å–ª–µ–¥—É—é—â–µ–µ —É—Ç–≤–µ—Ä–∂–¥
                                                  –µ–Ω–∏–µ
You may provide a definition with
\DeclareUnicodeCharacter 


! Package inputenc Error: Unicode character –µ (U+435)
(inputenc)                not set up for use with LaTeX.

See the inputenc package documentation for explanation.
Type  H <return>  for immediate help.
 ...                                              
                                                  
l.4 ...ª–∏–≤–æ —Å–ª–µ–¥—É—é—â–µ–µ —É—Ç–≤–µ—Ä–∂–¥–µ
                                                  –Ω–∏–µ
You may provide a definition with
\DeclareUnicodeCharacter 


! Package inputenc Error: Unicode character –Ω (U+43D)
(inputenc)                not set up for use with LaTeX.

See the inputenc package documentation for explanation.
Type  H <return>  for immediate help.
 ...                                              
                                                  
l.4 ...∏–≤–æ —Å–ª–µ–¥—É—é—â–µ–µ —É—Ç–≤–µ—Ä–∂–¥–µ–Ω
                                                  –∏–µ
You may provide a definition with
\DeclareUnicodeCharacter 


! Package inputenc Error: Unicode character –∏ (U+438)
(inputenc)                not set up for use with LaTeX.

See the inputenc package documentation for explanation.
Type  H <return>  for immediate help.
 ...                                              
                                                  
l.4 ...≤–æ —Å–ª–µ–¥—É—é—â–µ–µ —É—Ç–≤–µ—Ä–∂–¥–µ–Ω–∏
                                                  –µ
You may provide a definition with
\DeclareUnicodeCharacter 


! Package inputenc Error: Unicode character –µ (U+435)
(inputenc)                not set up for use with LaTeX.

See the inputenc package documentation for explanation.
Type  H <return>  for immediate help.
 ...                                              
                                                  
l.4 ...æ —Å–ª–µ–¥—É—é—â–µ–µ —É—Ç–≤–µ—Ä–∂–¥–µ–Ω–∏–µ
                                                  
You may provide a definition with
\DeclareUnicodeCharacter 


Overfull \hbox (20.0pt too wide) in paragraph at lines 4--5
[]
 []

LaTeX Font Info:    External font `cmex10' loaded for size
(Font)              <7> on input line 5.
LaTeX Font Info:    External font `cmex10' loaded for size
(Font)              <5> on input line 5.

Overfull \hbox (114.90057pt too wide) detected at line 7
\OML/cmm/m/it/10 F[] \OT1/cmr/m/n/10 = \OML/cmm/m/it/10 F[] \OT1/cmr/m/n/10 + \
OML/cmm/m/it/10 F[] \OT1/cmr/m/n/10 + [] + \OML/cmm/m/it/10 F[]:
 []


! Package inputenc Error: Unicode character –° (U+421)
(inputenc)                not set up for use with LaTeX.

See the inputenc package documentation for explanation.
Type  H <return>  for immediate help.
 ...                                              
                                                  
l.8 –°
      —á–∏—Ç–∞—Ç—å $F_1 = F_2 = 1$.
You may provide a definition with
\DeclareUnicodeCharacter 


! Package inputenc Error: Unicode character —á (U+447)
(inputenc)                not set up for use with LaTeX.

See the inputenc package documentation for explanation.
Type  H <return>  for immediate help.
 ...                                              
                                                  
l.8 –°—á
        –∏—Ç–∞—Ç—å $F_1 = F_2 = 1$.
You may provide a definition with
\DeclareUnicodeCharacter 


! Package inputenc Error: Unicode character –∏ (U+438)
(inputenc)                not set up for use with LaTeX.

See the inputenc package documentation for explanation.
Type  H <return>  for immediate help.
 ...                                              
                                                  
l.8 –°—á–∏
          —Ç–∞—Ç—å $F_1 = F_2 = 1$.
You may provide a definition with
\DeclareUnicodeCharacter 


! Package inputenc Error: Unicode character —Ç (U+442)
(inputenc)                not set up for use with LaTeX.

See the inputenc package documentation for explanation.
Type  H <return>  for immediate help.
 ...                                              
                                                  
l.8 –°—á–∏—Ç
            –∞—Ç—å $F_1 = F_2 = 1$.
You may provide a definition with
\DeclareUnicodeCharacter 


! Package inputenc Error: Unicode character –∞ (U+430)
(inputenc)                not set up for use with LaTeX.

See the inputenc package documentation for explanation.
Type  H <return>  for immediate help.
 ...                                              
                                                  
l.8 –°—á–∏—Ç–∞
              —Ç—å $F_1 = F_2 = 1$.
You may provide a definition with
\DeclareUnicodeCharacter 


! Package inputenc Error: Unicode character —Ç (U+442)
(inputenc)                not set up for use with LaTeX.

See the inputenc package documentation for explanation.
Type  H <return>  for immediate help.
 ...                                              
                                                  
l.8 –°—á–∏—Ç–∞—Ç
                —å $F_1 = F_2 = 1$.
You may provide a definition with
\DeclareUnicodeCharacter 


! Package inputenc Error: Unicode character —å (U+44C)
(inputenc)                not set up for use with LaTeX.

See the inputenc package documentation for explanation.
Type  H <return>  for immediate help.
 ...                                              
                                                  
l.8 –°—á–∏—Ç–∞—Ç—å
                   $F_1 = F_2 = 1$.
You may provide a definition with
\DeclareUnicodeCharacter 

Missing character: There is no . in font nullfont!

! LaTeX Error: \begin{document} ended by \end{problem}.

See the LaTeX manual or LaTeX Companion for explanation.
Type  H <return>  for immediate help.
 ...                                              
                                                  
l.9 \end{problem}
                 
Your command was ignored.
Type  I <command> <return>  to replace it with another command,
or  <return>  to continue without it.


! LaTeX Error: Environment proof undefined.

See the LaTeX manual or LaTeX Companion for explanation.
Type  H <return>  for immediate help.
 ...                                              
                                                  
l.10 \begin{proof}
                  
Your command was ignored.
Type  I <command> <return>  to replace it with another command,
or  <return>  to continue without it.


! Package inputenc Error: Unicode character –î (U+414)
(inputenc)                not set up for use with LaTeX.

See the inputenc package documentation for explanation.
Type  H <return>  for immediate help.
 ...                                              
                                                  
l.11 –î
       –æ–∫–∞–∂–µ–º —É—Ç–≤–µ—Ä–∂–¥–µ–Ω–∏–µ –ø–æ –∏–Ω–¥—É–∫—Ü–∏–∏. –ë–∞–∑–∞ –...

You may provide a definition with
\DeclareUnicodeCharacter 


! Package inputenc Error: Unicode character –æ (U+43E)
(inputenc)                not set up for use with LaTeX.

See the inputenc package documentation for explanation.
Type  H <return>  for immediate help.
 ...                                              
                                                  
l.11 –î–æ
         –∫–∞–∂–µ–º —É—Ç–≤–µ—Ä–∂–¥–µ–Ω–∏–µ –ø–æ –∏–Ω–¥—É–∫—Ü–∏–∏. –ë–∞–∑–∞ –...

You may provide a definition with
\DeclareUnicodeCharacter 


! Package inputenc Error: Unicode character –∫ (U+43A)
(inputenc)                not set up for use with LaTeX.

See the inputenc package documentation for explanation.
Type  H <return>  for immediate help.
 ...                                              
                                                  
l.11 –î–æ–∫
           –∞–∂–µ–º —É—Ç–≤–µ—Ä–∂–¥–µ–Ω–∏–µ –ø–æ –∏–Ω–¥—É–∫—Ü–∏–∏. –ë–∞–∑–∞ –...

You may provide a definition with
\DeclareUnicodeCharacter 


! Package inputenc Error: Unicode character –∞ (U+430)
(inputenc)                not set up for use with LaTeX.

See the inputenc package documentation for explanation.
Type  H <return>  for immediate help.
 ...                                              
                                                  
l.11 –î–æ–∫–∞
             –∂–µ–º —É—Ç–≤–µ—Ä–∂–¥–µ–Ω–∏–µ –ø–æ –∏–Ω–¥—É–∫—Ü–∏–∏. –ë–∞–∑–∞ –...

You may provide a definition with
\DeclareUnicodeCharacter 


! Package inputenc Error: Unicode character –∂ (U+436)
(inputenc)                not set up for use with LaTeX.

See the inputenc package documentation for explanation.
Type  H <return>  for immediate help.
 ...                                              
                                                  
l.11 –î–æ–∫–∞–∂
               –µ–º —É—Ç–≤–µ—Ä–∂–¥–µ–Ω–∏–µ –ø–æ –∏–Ω–¥—É–∫—Ü–∏–∏. –ë–∞–∑–∞ –...

You may provide a definition with
\DeclareUnicodeCharacter 


! Package inputenc Error: Unicode character –µ (U+435)
(inputenc)                not set up for use with LaTeX.

See the inputenc package documentation for explanation.
Type  H <return>  for immediate help.
 ...                                              
                                                  
l.11 –î–æ–∫–∞–∂–µ
                 –º —É—Ç–≤–µ—Ä–∂–¥–µ–Ω–∏–µ –ø–æ –∏–Ω–¥—É–∫—Ü–∏–∏. –ë–∞–∑–∞ –...

You may provide a definition with
\DeclareUnicodeCharacter 


! Package inputenc Error: Unicode character –º (U+43C)
(inputenc)                not set up for use with LaTeX.

See the inputenc package documentation for explanation.
Type  H <return>  for immediate help.
 ...                                              
                                                  
l.11 –î–æ–∫–∞–∂–µ–º
                    —É—Ç–≤–µ—Ä–∂–¥–µ–Ω–∏–µ –ø–æ –∏–Ω–¥—É–∫—Ü–∏–∏. –ë–∞–∑–∞ –...

You may provide a definition with
\DeclareUnicodeCharacter 


! Package inputenc Error: Unicode character —É (U+443)
(inputenc)                not set up for use with LaTeX.

See the inputenc package documentation for explanation.
Type  H <return>  for immediate help.
 ...                                              
                                                  
l.11 –î–æ–∫–∞–∂–µ–º —É
                      —Ç–≤–µ—Ä–∂–¥–µ–Ω–∏–µ –ø–æ –∏–Ω–¥—É–∫—Ü–∏–∏. –ë–∞–∑–∞ –...

You may provide a definition with
\DeclareUnicodeCharacter 


! Package inputenc Error: Unicode character —Ç (U+442)
(inputenc)                not set up for use with LaTeX.

See the inputenc package documentation for explanation.
Type  H <return>  for immediate help.
 ...                                              
                                                  
l.11 –î–æ–∫–∞–∂–µ–º —É—Ç
                        –≤–µ—Ä–∂–¥–µ–Ω–∏–µ –ø–æ –∏–Ω–¥—É–∫—Ü–∏–∏. –ë–∞–∑–∞ –...

You may provide a definition with
\DeclareUnicodeCharacter 


! Package inputenc Error: Unicode character –≤ (U+432)
(inputenc)                not set up for use with LaTeX.

See the inputenc package documentation for explanation.
Type  H <return>  for immediate help.
 ...                                              
                                                  
l.11 –î–æ–∫–∞–∂–µ–º —É—Ç–≤
                          –µ—Ä–∂–¥–µ–Ω–∏–µ –ø–æ –∏–Ω–¥—É–∫—Ü–∏–∏. –ë–∞–∑–∞ –...

You may provide a definition with
\DeclareUnicodeCharacter 


! Package inputenc Error: Unicode character –µ (U+435)
(inputenc)                not set up for use with LaTeX.

See the inputenc package documentation for explanation.
Type  H <return>  for immediate help.
 ...                                              
                                                  
l.11 –î–æ–∫–∞–∂–µ–º —É—Ç–≤–µ
                            —Ä–∂–¥–µ–Ω–∏–µ –ø–æ –∏–Ω–¥—É–∫—Ü–∏–∏. –ë–∞–∑–∞ –...

You may provide a definition with
\DeclareUnicodeCharacter 


! Package inputenc Error: Unicode character —Ä (U+440)
(inputenc)                not set up for use with LaTeX.

See the inputenc package documentation for explanation.
Type  H <return>  for immediate help.
 ...                                              
                                                  
l.11 –î–æ–∫–∞–∂–µ–º —É—Ç–≤–µ—Ä
                              –∂–¥–µ–Ω–∏–µ –ø–æ –∏–Ω–¥—É–∫—Ü–∏–∏. –ë–∞–∑–∞ –...

You may provide a definition with
\DeclareUnicodeCharacter 


! Package inputenc Error: Unicode character –∂ (U+436)
(inputenc)                not set up for use with LaTeX.

See the inputenc package documentation for explanation.
Type  H <return>  for immediate help.
 ...                                              
                                                  
l.11 –î–æ–∫–∞–∂–µ–º —É—Ç–≤–µ—Ä–∂
                                –¥–µ–Ω–∏–µ –ø–æ –∏–Ω–¥—É–∫—Ü–∏–∏. –ë–∞–∑–∞ –...

You may provide a definition with
\DeclareUnicodeCharacter 


! Package inputenc Error: Unicode character –¥ (U+434)
(inputenc)                not set up for use with LaTeX.

See the inputenc package documentation for explanation.
Type  H <return>  for immediate help.
 ...                                              
                                                  
l.11 –î–æ–∫–∞–∂–µ–º —É—Ç–≤–µ—Ä–∂–¥
                                  –µ–Ω–∏–µ –ø–æ –∏–Ω–¥—É–∫—Ü–∏–∏. –ë–∞–∑–∞ –...

You may provide a definition with
\DeclareUnicodeCharacter 


! Package inputenc Error: Unicode character –µ (U+435)
(inputenc)                not set up for use with LaTeX.

See the inputenc package documentation for explanation.
Type  H <return>  for immediate help.
 ...                                              
                                                  
l.11 –î–æ–∫–∞–∂–µ–º —É—Ç–≤–µ—Ä–∂–¥–µ
                                    –Ω–∏–µ –ø–æ –∏–Ω–¥—É–∫—Ü–∏–∏. –ë–∞–∑–∞ –...
(That makes 100 errors; please try again.) 
Here is how much of TeX's memory you used:
 38 strings out of 494891
 551 string characters out of 3178553
 51821 words of memory out of 3000000
 3762 multiletter control sequences out of 15000+200000
 3640 words of font info for 14 fonts, out of 3000000 for 9000
 0 hyphenation exceptions out of 8191
 17i,1n,12p,144b,84s stack positions out of 5000i,500n,10000p,200000b,50000s

!  ==> Fatal error occurred, no output PDF file produced!
