This is pdfTeX, Version 3.14159265-2.6-1.40.19 (MiKTeX 2.9.6800) (preloaded format=pdflatex 2018.9.26)  9 OCT 2018 13:53
entering extended mode
**./kek.tex
(kek.tex
LaTeX2e <2018-04-01> patch level 5
! Undefined control sequence.
l.1 \problemset
               {KEK}
The control sequence at the end of the top line
of your error message was never \def'ed. If you have
misspelled it (e.g., `\hobx'), type `I' and the correct
spelling (e.g., `I\hbox'). Otherwise just continue,
and I'll forget about whatever was undefined.


! LaTeX Error: Missing \begin{document}.

See the LaTeX manual or LaTeX Companion for explanation.
Type  H <return>  for immediate help.
 ...                                              
                                                  
l.1 \problemset{K
                 EK}
You're in trouble here.  Try typing  <return>  to proceed.
If that doesn't work, type  X <return>  to quit.

Missing character: There is no K in font nullfont!
Missing character: There is no E in font nullfont!
Missing character: There is no K in font nullfont!

Overfull \hbox (20.0pt too wide) in paragraph at lines 1--2
[] 
 []


! LaTeX Error: Environment para undefined.

See the LaTeX manual or LaTeX Companion for explanation.
Type  H <return>  for immediate help.
 ...                                              
                                                  
l.3 \begin{para}
                {–ê–ª–≥–æ—Ä–∏—Ç–º –≤—ã–≤–æ–¥–∞ —Ç–∏–ø–æ–≤}
Your command was ignored.
Type  I <command> <return>  to replace it with another command,
or  <return>  to continue without it.


! Package inputenc Error: Unicode character –ê (U+410)
(inputenc)                not set up for use with LaTeX.

See the inputenc package documentation for explanation.
Type  H <return>  for immediate help.
 ...                                              
                                                  
l.3 \begin{para}{–ê
                   –ª–≥–æ—Ä–∏—Ç–º –≤—ã–≤–æ–¥–∞ —Ç–∏–ø–æ–≤}
You may provide a definition with
\DeclareUnicodeCharacter 


! Package inputenc Error: Unicode character –ª (U+43B)
(inputenc)                not set up for use with LaTeX.

See the inputenc package documentation for explanation.
Type  H <return>  for immediate help.
 ...                                              
                                                  
l.3 \begin{para}{–ê–ª
                     –≥–æ—Ä–∏—Ç–º –≤—ã–≤–æ–¥–∞ —Ç–∏–ø–æ–≤}
You may provide a definition with
\DeclareUnicodeCharacter 


! Package inputenc Error: Unicode character –≥ (U+433)
(inputenc)                not set up for use with LaTeX.

See the inputenc package documentation for explanation.
Type  H <return>  for immediate help.
 ...                                              
                                                  
l.3 \begin{para}{–ê–ª–≥
                       –æ—Ä–∏—Ç–º –≤—ã–≤–æ–¥–∞ —Ç–∏–ø–æ–≤}
You may provide a definition with
\DeclareUnicodeCharacter 


! Package inputenc Error: Unicode character –æ (U+43E)
(inputenc)                not set up for use with LaTeX.

See the inputenc package documentation for explanation.
Type  H <return>  for immediate help.
 ...                                              
                                                  
l.3 \begin{para}{–ê–ª–≥–æ
                         —Ä–∏—Ç–º –≤—ã–≤–æ–¥–∞ —Ç–∏–ø–æ–≤}
You may provide a definition with
\DeclareUnicodeCharacter 


! Package inputenc Error: Unicode character —Ä (U+440)
(inputenc)                not set up for use with LaTeX.

See the inputenc package documentation for explanation.
Type  H <return>  for immediate help.
 ...                                              
                                                  
l.3 \begin{para}{–ê–ª–≥–æ—Ä
                           –∏—Ç–º –≤—ã–≤–æ–¥–∞ —Ç–∏–ø–æ–≤}
You may provide a definition with
\DeclareUnicodeCharacter 


! Package inputenc Error: Unicode character –∏ (U+438)
(inputenc)                not set up for use with LaTeX.

See the inputenc package documentation for explanation.
Type  H <return>  for immediate help.
 ...                                              
                                                  
l.3 \begin{para}{–ê–ª–≥–æ—Ä–∏
                             —Ç–º –≤—ã–≤–æ–¥–∞ —Ç–∏–ø–æ–≤}
You may provide a definition with
\DeclareUnicodeCharacter 


! Package inputenc Error: Unicode character —Ç (U+442)
(inputenc)                not set up for use with LaTeX.

See the inputenc package documentation for explanation.
Type  H <return>  for immediate help.
 ...                                              
                                                  
l.3 \begin{para}{–ê–ª–≥–æ—Ä–∏—Ç
                               –º –≤—ã–≤–æ–¥–∞ —Ç–∏–ø–æ–≤}
You may provide a definition with
\DeclareUnicodeCharacter 


! Package inputenc Error: Unicode character –º (U+43C)
(inputenc)                not set up for use with LaTeX.

See the inputenc package documentation for explanation.
Type  H <return>  for immediate help.
 ...                                              
                                                  
l.3 \begin{para}{–ê–ª–≥–æ—Ä–∏—Ç–º
                                  –≤—ã–≤–æ–¥–∞ —Ç–∏–ø–æ–≤}
You may provide a definition with
\DeclareUnicodeCharacter 


! Package inputenc Error: Unicode character –≤ (U+432)
(inputenc)                not set up for use with LaTeX.

See the inputenc package documentation for explanation.
Type  H <return>  for immediate help.
 ...                                              
                                                  
l.3 \begin{para}{–ê–ª–≥–æ—Ä–∏—Ç–º –≤
                                    —ã–≤–æ–¥–∞ —Ç–∏–ø–æ–≤}
You may provide a definition with
\DeclareUnicodeCharacter 


! Package inputenc Error: Unicode character —ã (U+44B)
(inputenc)                not set up for use with LaTeX.

See the inputenc package documentation for explanation.
Type  H <return>  for immediate help.
 ...                                              
                                                  
l.3 \begin{para}{–ê–ª–≥–æ—Ä–∏—Ç–º –≤—ã
                                      –≤–æ–¥–∞ —Ç–∏–ø–æ–≤}
You may provide a definition with
\DeclareUnicodeCharacter 


! Package inputenc Error: Unicode character –≤ (U+432)
(inputenc)                not set up for use with LaTeX.

See the inputenc package documentation for explanation.
Type  H <return>  for immediate help.
 ...                                              
                                                  
l.3 \begin{para}{–ê–ª–≥–æ—Ä–∏—Ç–º –≤—ã–≤
                                        –æ–¥–∞ —Ç–∏–ø–æ–≤}
You may provide a definition with
\DeclareUnicodeCharacter 


! Package inputenc Error: Unicode character –æ (U+43E)
(inputenc)                not set up for use with LaTeX.

See the inputenc package documentation for explanation.
Type  H <return>  for immediate help.
 ...                                              
                                                  
l.3 \begin{para}{–ê–ª–≥–æ—Ä–∏—Ç–º –≤—ã–≤–æ
                                          –¥–∞ —Ç–∏–ø–æ–≤}
You may provide a definition with
\DeclareUnicodeCharacter 


! Package inputenc Error: Unicode character –¥ (U+434)
(inputenc)                not set up for use with LaTeX.

See the inputenc package documentation for explanation.
Type  H <return>  for immediate help.
 ...                                              
                                                  
l.3 \begin{para}{–ê–ª–≥–æ—Ä–∏—Ç–º –≤—ã–≤–æ–¥
                                            –∞ —Ç–∏–ø–æ–≤}
You may provide a definition with
\DeclareUnicodeCharacter 


! Package inputenc Error: Unicode character –∞ (U+430)
(inputenc)                not set up for use with LaTeX.

See the inputenc package documentation for explanation.
Type  H <return>  for immediate help.
 ...                                              
                                                  
l.3 \begin{para}{–ê–ª–≥–æ—Ä–∏—Ç–º –≤—ã–≤–æ–¥–∞
                                               —Ç–∏–ø–æ–≤}
You may provide a definition with
\DeclareUnicodeCharacter 


! Package inputenc Error: Unicode character —Ç (U+442)
(inputenc)                not set up for use with LaTeX.

See the inputenc package documentation for explanation.
Type  H <return>  for immediate help.
 ...                                              
                                                  
l.3 \begin{para}{–ê–ª–≥–æ—Ä–∏—Ç–º –≤—ã–≤–æ–¥–∞ —Ç
                                                 –∏–ø–æ–≤}
You may provide a definition with
\DeclareUnicodeCharacter 


! Package inputenc Error: Unicode character –∏ (U+438)
(inputenc)                not set up for use with LaTeX.

See the inputenc package documentation for explanation.
Type  H <return>  for immediate help.
 ...                                              
                                                  
l.3 ...in{para}{–ê–ª–≥–æ—Ä–∏—Ç–º –≤—ã–≤–æ–¥–∞ —Ç–∏
                                                  –ø–æ–≤}
You may provide a definition with
\DeclareUnicodeCharacter 


! Package inputenc Error: Unicode character –ø (U+43F)
(inputenc)                not set up for use with LaTeX.

See the inputenc package documentation for explanation.
Type  H <return>  for immediate help.
 ...                                              
                                                  
l.3 ...{para}{–ê–ª–≥–æ—Ä–∏—Ç–º –≤—ã–≤–æ–¥–∞ —Ç–∏–ø
                                                  –æ–≤}
You may provide a definition with
\DeclareUnicodeCharacter 


! Package inputenc Error: Unicode character –æ (U+43E)
(inputenc)                not set up for use with LaTeX.

See the inputenc package documentation for explanation.
Type  H <return>  for immediate help.
 ...                                              
                                                  
l.3 ...ara}{–ê–ª–≥–æ—Ä–∏—Ç–º –≤—ã–≤–æ–¥–∞ —Ç–∏–ø–æ
                                                  –≤}
You may provide a definition with
\DeclareUnicodeCharacter 


! Package inputenc Error: Unicode character –≤ (U+432)
(inputenc)                not set up for use with LaTeX.

See the inputenc package documentation for explanation.
Type  H <return>  for immediate help.
 ...                                              
                                                  
l.3 ...a}{–ê–ª–≥–æ—Ä–∏—Ç–º –≤—ã–≤–æ–¥–∞ —Ç–∏–ø–æ–≤
                                                  }
You may provide a definition with
\DeclareUnicodeCharacter 


! LaTeX Error: Missing \begin{document}.

See the LaTeX manual or LaTeX Companion for explanation.
Type  H <return>  for immediate help.
 ...                                              
                                                  
l.5 \begin{enumerate}
                     
You're in trouble here.  Try typing  <return>  to proceed.
If that doesn't work, type  X <return>  to quit.


Overfull \hbox (20.0pt too wide) in paragraph at lines 5--5
[] 
 []


! Package inputenc Error: Unicode character –† (U+420)
(inputenc)                not set up for use with LaTeX.

See the inputenc package documentation for explanation.
Type  H <return>  for immediate help.
 ...                                              
                                                  
l.7   \item –†
              –µ–∫—É—Ä—Å–∏–≤–Ω–æ –ø–æ —Å—Ç—Ä—É–∫—Ç—É—Ä–µ —Ñ–æ—Ä–º—É–ª—ã –ø–æ...

You may provide a definition with
\DeclareUnicodeCharacter 


! Package inputenc Error: Unicode character –µ (U+435)
(inputenc)                not set up for use with LaTeX.

See the inputenc package documentation for explanation.
Type  H <return>  for immediate help.
 ...                                              
                                                  
l.7   \item –†–µ
                –∫—É—Ä—Å–∏–≤–Ω–æ –ø–æ —Å—Ç—Ä—É–∫—Ç—É—Ä–µ —Ñ–æ—Ä–º—É–ª—ã –ø–æ...

You may provide a definition with
\DeclareUnicodeCharacter 


! Package inputenc Error: Unicode character –∫ (U+43A)
(inputenc)                not set up for use with LaTeX.

See the inputenc package documentation for explanation.
Type  H <return>  for immediate help.
 ...                                              
                                                  
l.7   \item –†–µ–∫
                  —É—Ä—Å–∏–≤–Ω–æ –ø–æ —Å—Ç—Ä—É–∫—Ç—É—Ä–µ —Ñ–æ—Ä–º—É–ª—ã –ø–æ...

You may provide a definition with
\DeclareUnicodeCharacter 


! Package inputenc Error: Unicode character —É (U+443)
(inputenc)                not set up for use with LaTeX.

See the inputenc package documentation for explanation.
Type  H <return>  for immediate help.
 ...                                              
                                                  
l.7   \item –†–µ–∫—É
                    —Ä—Å–∏–≤–Ω–æ –ø–æ —Å—Ç—Ä—É–∫—Ç—É—Ä–µ —Ñ–æ—Ä–º—É–ª—ã –ø–æ...

You may provide a definition with
\DeclareUnicodeCharacter 


! Package inputenc Error: Unicode character —Ä (U+440)
(inputenc)                not set up for use with LaTeX.

See the inputenc package documentation for explanation.
Type  H <return>  for immediate help.
 ...                                              
                                                  
l.7   \item –†–µ–∫—É—Ä
                      —Å–∏–≤–Ω–æ –ø–æ —Å—Ç—Ä—É–∫—Ç—É—Ä–µ —Ñ–æ—Ä–º—É–ª—ã –ø–æ...

You may provide a definition with
\DeclareUnicodeCharacter 


! Package inputenc Error: Unicode character —Å (U+441)
(inputenc)                not set up for use with LaTeX.

See the inputenc package documentation for explanation.
Type  H <return>  for immediate help.
 ...                                              
                                                  
l.7   \item –†–µ–∫—É—Ä—Å
                        –∏–≤–Ω–æ –ø–æ —Å—Ç—Ä—É–∫—Ç—É—Ä–µ —Ñ–æ—Ä–º—É–ª—ã –ø–æ...

You may provide a definition with
\DeclareUnicodeCharacter 


! Package inputenc Error: Unicode character –∏ (U+438)
(inputenc)                not set up for use with LaTeX.

See the inputenc package documentation for explanation.
Type  H <return>  for immediate help.
 ...                                              
                                                  
l.7   \item –†–µ–∫—É—Ä—Å–∏
                          –≤–Ω–æ –ø–æ —Å—Ç—Ä—É–∫—Ç—É—Ä–µ —Ñ–æ—Ä–º—É–ª—ã –ø–æ...

You may provide a definition with
\DeclareUnicodeCharacter 


! Package inputenc Error: Unicode character –≤ (U+432)
(inputenc)                not set up for use with LaTeX.

See the inputenc package documentation for explanation.
Type  H <return>  for immediate help.
 ...                                              
                                                  
l.7   \item –†–µ–∫—É—Ä—Å–∏–≤
                            –Ω–æ –ø–æ —Å—Ç—Ä—É–∫—Ç—É—Ä–µ —Ñ–æ—Ä–º—É–ª—ã –ø–æ...

You may provide a definition with
\DeclareUnicodeCharacter 


! Package inputenc Error: Unicode character –Ω (U+43D)
(inputenc)                not set up for use with LaTeX.

See the inputenc package documentation for explanation.
Type  H <return>  for immediate help.
 ...                                              
                                                  
l.7   \item –†–µ–∫—É—Ä—Å–∏–≤–Ω
                              –æ –ø–æ —Å—Ç—Ä—É–∫—Ç—É—Ä–µ —Ñ–æ—Ä–º—É–ª—ã –ø–æ...

You may provide a definition with
\DeclareUnicodeCharacter 


! Package inputenc Error: Unicode character –æ (U+43E)
(inputenc)                not set up for use with LaTeX.

See the inputenc package documentation for explanation.
Type  H <return>  for immediate help.
 ...                                              
                                                  
l.7   \item –†–µ–∫—É—Ä—Å–∏–≤–Ω–æ
                                 –ø–æ —Å—Ç—Ä—É–∫—Ç—É—Ä–µ —Ñ–æ—Ä–º—É–ª—ã –ø–æ...

You may provide a definition with
\DeclareUnicodeCharacter 


! Package inputenc Error: Unicode character –ø (U+43F)
(inputenc)                not set up for use with LaTeX.

See the inputenc package documentation for explanation.
Type  H <return>  for immediate help.
 ...                                              
                                                  
l.7   \item –†–µ–∫—É—Ä—Å–∏–≤–Ω–æ –ø
                                   –æ —Å—Ç—Ä—É–∫—Ç—É—Ä–µ —Ñ–æ—Ä–º—É–ª—ã –ø–æ...

You may provide a definition with
\DeclareUnicodeCharacter 


! Package inputenc Error: Unicode character –æ (U+43E)
(inputenc)                not set up for use with LaTeX.

See the inputenc package documentation for explanation.
Type  H <return>  for immediate help.
 ...                                              
                                                  
l.7   \item –†–µ–∫—É—Ä—Å–∏–≤–Ω–æ –ø–æ
                                      —Å—Ç—Ä—É–∫—Ç—É—Ä–µ —Ñ–æ—Ä–º—É–ª—ã –ø–æ...

You may provide a definition with
\DeclareUnicodeCharacter 


! Package inputenc Error: Unicode character —Å (U+441)
(inputenc)                not set up for use with LaTeX.

See the inputenc package documentation for explanation.
Type  H <return>  for immediate help.
 ...                                              
                                                  
l.7   \item –†–µ–∫—É—Ä—Å–∏–≤–Ω–æ –ø–æ —Å
                                        —Ç—Ä—É–∫—Ç—É—Ä–µ —Ñ–æ—Ä–º—É–ª—ã –ø–æ...

You may provide a definition with
\DeclareUnicodeCharacter 


! Package inputenc Error: Unicode character —Ç (U+442)
(inputenc)                not set up for use with LaTeX.

See the inputenc package documentation for explanation.
Type  H <return>  for immediate help.
 ...                                              
                                                  
l.7   \item –†–µ–∫—É—Ä—Å–∏–≤–Ω–æ –ø–æ —Å—Ç
                                          —Ä—É–∫—Ç—É—Ä–µ —Ñ–æ—Ä–º—É–ª—ã –ø–æ...

You may provide a definition with
\DeclareUnicodeCharacter 


! Package inputenc Error: Unicode character —Ä (U+440)
(inputenc)                not set up for use with LaTeX.

See the inputenc package documentation for explanation.
Type  H <return>  for immediate help.
 ...                                              
                                                  
l.7   \item –†–µ–∫—É—Ä—Å–∏–≤–Ω–æ –ø–æ —Å—Ç—Ä
                                            —É–∫—Ç—É—Ä–µ —Ñ–æ—Ä–º—É–ª—ã –ø–æ...

You may provide a definition with
\DeclareUnicodeCharacter 


! Package inputenc Error: Unicode character —É (U+443)
(inputenc)                not set up for use with LaTeX.

See the inputenc package documentation for explanation.
Type  H <return>  for immediate help.
 ...                                              
                                                  
l.7   \item –†–µ–∫—É—Ä—Å–∏–≤–Ω–æ –ø–æ —Å—Ç—Ä—É
                                              –∫—Ç—É—Ä–µ —Ñ–æ—Ä–º—É–ª—ã –ø–æ...

You may provide a definition with
\DeclareUnicodeCharacter 


! Package inputenc Error: Unicode character –∫ (U+43A)
(inputenc)                not set up for use with LaTeX.

See the inputenc package documentation for explanation.
Type  H <return>  for immediate help.
 ...                                              
                                                  
l.7   \item –†–µ–∫—É—Ä—Å–∏–≤–Ω–æ –ø–æ —Å—Ç—Ä—É–∫
                                                —Ç—É—Ä–µ —Ñ–æ—Ä–º—É–ª—ã –ø–æ...

You may provide a definition with
\DeclareUnicodeCharacter 


! Package inputenc Error: Unicode character —Ç (U+442)
(inputenc)                not set up for use with LaTeX.

See the inputenc package documentation for explanation.
Type  H <return>  for immediate help.
 ...                                              
                                                  
l.7   \item –†–µ–∫—É—Ä—Å–∏–≤–Ω–æ –ø–æ —Å—Ç—Ä—É–∫—Ç
                                                  —É—Ä–µ —Ñ–æ—Ä–º—É–ª—ã –ø–æ...

You may provide a definition with
\DeclareUnicodeCharacter 


! Package inputenc Error: Unicode character —É (U+443)
(inputenc)                not set up for use with LaTeX.

See the inputenc package documentation for explanation.
Type  H <return>  for immediate help.
 ...                                              
                                                  
l.7 ...em –†–µ–∫—É—Ä—Å–∏–≤–Ω–æ –ø–æ —Å—Ç—Ä—É–∫—Ç—É
                                                  —Ä–µ —Ñ–æ—Ä–º—É–ª—ã –ø–æ—Å...

You may provide a definition with
\DeclareUnicodeCharacter 


! Package inputenc Error: Unicode character —Ä (U+440)
(inputenc)                not set up for use with LaTeX.

See the inputenc package documentation for explanation.
Type  H <return>  for immediate help.
 ...                                              
                                                  
l.7 ... –†–µ–∫—É—Ä—Å–∏–≤–Ω–æ –ø–æ —Å—Ç—Ä—É–∫—Ç—É—Ä
                                                  –µ —Ñ–æ—Ä–º—É–ª—ã –ø–æ—Å—Ç...

You may provide a definition with
\DeclareUnicodeCharacter 


! Package inputenc Error: Unicode character –µ (U+435)
(inputenc)                not set up for use with LaTeX.

See the inputenc package documentation for explanation.
Type  H <return>  for immediate help.
 ...                                              
                                                  
l.7 ...†–µ–∫—É—Ä—Å–∏–≤–Ω–æ –ø–æ —Å—Ç—Ä—É–∫—Ç—É—Ä–µ
                                                   —Ñ–æ—Ä–º—É–ª—ã –ø–æ—Å—Ç—Ä...

You may provide a definition with
\DeclareUnicodeCharacter 


! Package inputenc Error: Unicode character —Ñ (U+444)
(inputenc)                not set up for use with LaTeX.

See the inputenc package documentation for explanation.
Type  H <return>  for immediate help.
 ...                                              
                                                  
l.7 ...–∫—É—Ä—Å–∏–≤–Ω–æ –ø–æ —Å—Ç—Ä—É–∫—Ç—É—Ä–µ —Ñ
                                                  –æ—Ä–º—É–ª—ã –ø–æ—Å—Ç—Ä–æ–...

You may provide a definition with
\DeclareUnicodeCharacter 


! Package inputenc Error: Unicode character –æ (U+43E)
(inputenc)                not set up for use with LaTeX.

See the inputenc package documentation for explanation.
Type  H <return>  for immediate help.
 ...                                              
                                                  
l.7 ...—É—Ä—Å–∏–≤–Ω–æ –ø–æ —Å—Ç—Ä—É–∫—Ç—É—Ä–µ —Ñ–æ
                                                  —Ä–º—É–ª—ã –ø–æ—Å—Ç—Ä–æ–∏–...

You may provide a definition with
\DeclareUnicodeCharacter 


! Package inputenc Error: Unicode character —Ä (U+440)
(inputenc)                not set up for use with LaTeX.

See the inputenc package documentation for explanation.
Type  H <return>  for immediate help.
 ...                                              
                                                  
l.7 ...—Ä—Å–∏–≤–Ω–æ –ø–æ —Å—Ç—Ä—É–∫—Ç—É—Ä–µ —Ñ–æ—Ä
                                                  –º—É–ª—ã –ø–æ—Å—Ç—Ä–æ–∏–º ...

You may provide a definition with
\DeclareUnicodeCharacter 


! Package inputenc Error: Unicode character –º (U+43C)
(inputenc)                not set up for use with LaTeX.

See the inputenc package documentation for explanation.
Type  H <return>  for immediate help.
 ...                                              
                                                  
l.7 ...—Å–∏–≤–Ω–æ –ø–æ —Å—Ç—Ä—É–∫—Ç—É—Ä–µ —Ñ–æ—Ä–º
                                                  —É–ª—ã –ø–æ—Å—Ç—Ä–æ–∏–º –ø...

You may provide a definition with
\DeclareUnicodeCharacter 


! Package inputenc Error: Unicode character —É (U+443)
(inputenc)                not set up for use with LaTeX.

See the inputenc package documentation for explanation.
Type  H <return>  for immediate help.
 ...                                              
                                                  
l.7 ...–∏–≤–Ω–æ –ø–æ —Å—Ç—Ä—É–∫—Ç—É—Ä–µ —Ñ–æ—Ä–º—É
                                                  –ª—ã –ø–æ—Å—Ç—Ä–æ–∏–º –ø–æ...

You may provide a definition with
\DeclareUnicodeCharacter 


! Package inputenc Error: Unicode character –ª (U+43B)
(inputenc)                not set up for use with LaTeX.

See the inputenc package documentation for explanation.
Type  H <return>  for immediate help.
 ...                                              
                                                  
l.7 ...–≤–Ω–æ –ø–æ —Å—Ç—Ä—É–∫—Ç—É—Ä–µ —Ñ–æ—Ä–º—É–ª
                                                  —ã –ø–æ—Å—Ç—Ä–æ–∏–º –ø–æ—Å...

You may provide a definition with
\DeclareUnicodeCharacter 


! Package inputenc Error: Unicode character —ã (U+44B)
(inputenc)                not set up for use with LaTeX.

See the inputenc package documentation for explanation.
Type  H <return>  for immediate help.
 ...                                              
                                                  
l.7 ...–Ω–æ –ø–æ —Å—Ç—Ä—É–∫—Ç—É—Ä–µ —Ñ–æ—Ä–º—É–ª—ã
                                                   –ø–æ—Å—Ç—Ä–æ–∏–º –ø–æ—Å—Ç...

You may provide a definition with
\DeclareUnicodeCharacter 


! Package inputenc Error: Unicode character –ø (U+43F)
(inputenc)                not set up for use with LaTeX.

See the inputenc package documentation for explanation.
Type  H <return>  for immediate help.
 ...                                              
                                                  
l.7 ...æ –ø–æ —Å—Ç—Ä—É–∫—Ç—É—Ä–µ —Ñ–æ—Ä–º—É–ª—ã –ø
                                                  –æ—Å—Ç—Ä–æ–∏–º –ø–æ—Å—Ç—Ä–...

You may provide a definition with
\DeclareUnicodeCharacter 


! Package inputenc Error: Unicode character –æ (U+43E)
(inputenc)                not set up for use with LaTeX.

See the inputenc package documentation for explanation.
Type  H <return>  for immediate help.
 ...                                              
                                                  
l.7 ...–ø–æ —Å—Ç—Ä—É–∫—Ç—É—Ä–µ —Ñ–æ—Ä–º—É–ª—ã –ø–æ
                                                  —Å—Ç—Ä–æ–∏–º –ø–æ—Å—Ç—Ä–æ–...

You may provide a definition with
\DeclareUnicodeCharacter 


! Package inputenc Error: Unicode character —Å (U+441)
(inputenc)                not set up for use with LaTeX.

See the inputenc package documentation for explanation.
Type  H <return>  for immediate help.
 ...                                              
                                                  
l.7 ...–æ —Å—Ç—Ä—É–∫—Ç—É—Ä–µ —Ñ–æ—Ä–º—É–ª—ã –ø–æ—Å
                                                  —Ç—Ä–æ–∏–º –ø–æ—Å—Ç—Ä–æ–∏–...

You may provide a definition with
\DeclareUnicodeCharacter 


! Package inputenc Error: Unicode character —Ç (U+442)
(inputenc)                not set up for use with LaTeX.

See the inputenc package documentation for explanation.
Type  H <return>  for immediate help.
 ...                                              
                                                  
l.7 ... —Å—Ç—Ä—É–∫—Ç—É—Ä–µ —Ñ–æ—Ä–º—É–ª—ã –ø–æ—Å—Ç
                                                  —Ä–æ–∏–º –ø–æ—Å—Ç—Ä–æ–∏–º ...

You may provide a definition with
\DeclareUnicodeCharacter 


! Package inputenc Error: Unicode character —Ä (U+440)
(inputenc)                not set up for use with LaTeX.

See the inputenc package documentation for explanation.
Type  H <return>  for immediate help.
 ...                                              
                                                  
l.7 ...Å—Ç—Ä—É–∫—Ç—É—Ä–µ —Ñ–æ—Ä–º—É–ª—ã –ø–æ—Å—Ç—Ä
                                                  –æ–∏–º –ø–æ—Å—Ç—Ä–æ–∏–º –ø...

You may provide a definition with
\DeclareUnicodeCharacter 


! Package inputenc Error: Unicode character –æ (U+43E)
(inputenc)                not set up for use with LaTeX.

See the inputenc package documentation for explanation.
Type  H <return>  for immediate help.
 ...                                              
                                                  
l.7 ...Ç—Ä—É–∫—Ç—É—Ä–µ —Ñ–æ—Ä–º—É–ª—ã –ø–æ—Å—Ç—Ä–æ
                                                  –∏–º –ø–æ—Å—Ç—Ä–æ–∏–º –ø–æ...

You may provide a definition with
\DeclareUnicodeCharacter 


! Package inputenc Error: Unicode character –∏ (U+438)
(inputenc)                not set up for use with LaTeX.

See the inputenc package documentation for explanation.
Type  H <return>  for immediate help.
 ...                                              
                                                  
l.7 ...Ä—É–∫—Ç—É—Ä–µ —Ñ–æ—Ä–º—É–ª—ã –ø–æ—Å—Ç—Ä–æ–∏
                                                  –º –ø–æ—Å—Ç—Ä–æ–∏–º –ø–æ —...

You may provide a definition with
\DeclareUnicodeCharacter 


! Package inputenc Error: Unicode character –º (U+43C)
(inputenc)                not set up for use with LaTeX.

See the inputenc package documentation for explanation.
Type  H <return>  for immediate help.
 ...                                              
                                                  
l.7 ...É–∫—Ç—É—Ä–µ —Ñ–æ—Ä–º—É–ª—ã –ø–æ—Å—Ç—Ä–æ–∏–º
                                                   –ø–æ—Å—Ç—Ä–æ–∏–º –ø–æ —Ñ–...

You may provide a definition with
\DeclareUnicodeCharacter 


! Package inputenc Error: Unicode character –ø (U+43F)
(inputenc)                not set up for use with LaTeX.

See the inputenc package documentation for explanation.
Type  H <return>  for immediate help.
 ...                                              
                                                  
l.7 ...—Ç—É—Ä–µ —Ñ–æ—Ä–º—É–ª—ã –ø–æ—Å—Ç—Ä–æ–∏–º –ø
                                                  –æ—Å—Ç—Ä–æ–∏–º –ø–æ —Ñ–æ—Ä...

You may provide a definition with
\DeclareUnicodeCharacter 


! Package inputenc Error: Unicode character –æ (U+43E)
(inputenc)                not set up for use with LaTeX.

See the inputenc package documentation for explanation.
Type  H <return>  for immediate help.
 ...                                              
                                                  
l.7 ...—É—Ä–µ —Ñ–æ—Ä–º—É–ª—ã –ø–æ—Å—Ç—Ä–æ–∏–º –ø–æ
                                                  —Å—Ç—Ä–æ–∏–º –ø–æ —Ñ–æ—Ä–º...

You may provide a definition with
\DeclareUnicodeCharacter 


! Package inputenc Error: Unicode character —Å (U+441)
(inputenc)                not set up for use with LaTeX.

See the inputenc package documentation for explanation.
Type  H <return>  for immediate help.
 ...                                              
                                                  
l.7 ...—Ä–µ —Ñ–æ—Ä–º—É–ª—ã –ø–æ—Å—Ç—Ä–æ–∏–º –ø–æ—Å
                                                  —Ç—Ä–æ–∏–º –ø–æ —Ñ–æ—Ä–º—É...

You may provide a definition with
\DeclareUnicodeCharacter 


! Package inputenc Error: Unicode character —Ç (U+442)
(inputenc)                not set up for use with LaTeX.

See the inputenc package documentation for explanation.
Type  H <return>  for immediate help.
 ...                                              
                                                  
l.7 ...–µ —Ñ–æ—Ä–º—É–ª—ã –ø–æ—Å—Ç—Ä–æ–∏–º –ø–æ—Å—Ç
                                                  —Ä–æ–∏–º –ø–æ —Ñ–æ—Ä–º—É–ª...

You may provide a definition with
\DeclareUnicodeCharacter 


! Package inputenc Error: Unicode character —Ä (U+440)
(inputenc)                not set up for use with LaTeX.

See the inputenc package documentation for explanation.
Type  H <return>  for immediate help.
 ...                                              
                                                  
l.7 ... —Ñ–æ—Ä–º—É–ª—ã –ø–æ—Å—Ç—Ä–æ–∏–º –ø–æ—Å—Ç—Ä
                                                  –æ–∏–º –ø–æ —Ñ–æ—Ä–º—É–ª–µ A
You may provide a definition with
\DeclareUnicodeCharacter 


! Package inputenc Error: Unicode character –æ (U+43E)
(inputenc)                not set up for use with LaTeX.

See the inputenc package documentation for explanation.
Type  H <return>  for immediate help.
 ...                                              
                                                  
l.7 ...Ñ–æ—Ä–º—É–ª—ã –ø–æ—Å—Ç—Ä–æ–∏–º –ø–æ—Å—Ç—Ä–æ
                                                  –∏–º –ø–æ —Ñ–æ—Ä–º—É–ª–µ A
You may provide a definition with
\DeclareUnicodeCharacter 


! Package inputenc Error: Unicode character –∏ (U+438)
(inputenc)                not set up for use with LaTeX.

See the inputenc package documentation for explanation.
Type  H <return>  for immediate help.
 ...                                              
                                                  
l.7 ...æ—Ä–º—É–ª—ã –ø–æ—Å—Ç—Ä–æ–∏–º –ø–æ—Å—Ç—Ä–æ–∏
                                                  –º –ø–æ —Ñ–æ—Ä–º—É–ª–µ A
You may provide a definition with
\DeclareUnicodeCharacter 


! Package inputenc Error: Unicode character –º (U+43C)
(inputenc)                not set up for use with LaTeX.

See the inputenc package documentation for explanation.
Type  H <return>  for immediate help.
 ...                                              
                                                  
l.7 ...Ä–º—É–ª—ã –ø–æ—Å—Ç—Ä–æ–∏–º –ø–æ—Å—Ç—Ä–æ–∏–º
                                                   –ø–æ —Ñ–æ—Ä–º—É–ª–µ A
You may provide a definition with
\DeclareUnicodeCharacter 


! Package inputenc Error: Unicode character –ø (U+43F)
(inputenc)                not set up for use with LaTeX.

See the inputenc package documentation for explanation.
Type  H <return>  for immediate help.
 ...                                              
                                                  
l.7 ...—É–ª—ã –ø–æ—Å—Ç—Ä–æ–∏–º –ø–æ—Å—Ç—Ä–æ–∏–º –ø
                                                  –æ —Ñ–æ—Ä–º—É–ª–µ A
You may provide a definition with
\DeclareUnicodeCharacter 


! Package inputenc Error: Unicode character –æ (U+43E)
(inputenc)                not set up for use with LaTeX.

See the inputenc package documentation for explanation.
Type  H <return>  for immediate help.
 ...                                              
                                                  
l.7 ...–ª—ã –ø–æ—Å—Ç—Ä–æ–∏–º –ø–æ—Å—Ç—Ä–æ–∏–º –ø–æ
                                                   —Ñ–æ—Ä–º—É–ª–µ A
You may provide a definition with
\DeclareUnicodeCharacter 


! Package inputenc Error: Unicode character —Ñ (U+444)
(inputenc)                not set up for use with LaTeX.

See the inputenc package documentation for explanation.
Type  H <return>  for immediate help.
 ...                                              
                                                  
l.7 ...ã –ø–æ—Å—Ç—Ä–æ–∏–º –ø–æ—Å—Ç—Ä–æ–∏–º –ø–æ —Ñ
                                                  –æ—Ä–º—É–ª–µ A
You may provide a definition with
\DeclareUnicodeCharacter 


! Package inputenc Error: Unicode character –æ (U+43E)
(inputenc)                not set up for use with LaTeX.

See the inputenc package documentation for explanation.
Type  H <return>  for immediate help.
 ...                                              
                                                  
l.7 ...–ø–æ—Å—Ç—Ä–æ–∏–º –ø–æ—Å—Ç—Ä–æ–∏–º –ø–æ —Ñ–æ
                                                  —Ä–º—É–ª–µ A
You may provide a definition with
\DeclareUnicodeCharacter 


! Package inputenc Error: Unicode character —Ä (U+440)
(inputenc)                not set up for use with LaTeX.

See the inputenc package documentation for explanation.
Type  H <return>  for immediate help.
 ...                                              
                                                  
l.7 ...–æ—Å—Ç—Ä–æ–∏–º –ø–æ—Å—Ç—Ä–æ–∏–º –ø–æ —Ñ–æ—Ä
                                                  –º—É–ª–µ A
You may provide a definition with
\DeclareUnicodeCharacter 


! Package inputenc Error: Unicode character –º (U+43C)
(inputenc)                not set up for use with LaTeX.

See the inputenc package documentation for explanation.
Type  H <return>  for immediate help.
 ...                                              
                                                  
l.7 ...—Å—Ç—Ä–æ–∏–º –ø–æ—Å—Ç—Ä–æ–∏–º –ø–æ —Ñ–æ—Ä–º
                                                  —É–ª–µ A
You may provide a definition with
\DeclareUnicodeCharacter 


! Package inputenc Error: Unicode character —É (U+443)
(inputenc)                not set up for use with LaTeX.

See the inputenc package documentation for explanation.
Type  H <return>  for immediate help.
 ...                                              
                                                  
l.7 ...—Ç—Ä–æ–∏–º –ø–æ—Å—Ç—Ä–æ–∏–º –ø–æ —Ñ–æ—Ä–º—É
                                                  –ª–µ A
You may provide a definition with
\DeclareUnicodeCharacter 


! Package inputenc Error: Unicode character –ª (U+43B)
(inputenc)                not set up for use with LaTeX.

See the inputenc package documentation for explanation.
Type  H <return>  for immediate help.
 ...                                              
                                                  
l.7 ...—Ä–æ–∏–º –ø–æ—Å—Ç—Ä–æ–∏–º –ø–æ —Ñ–æ—Ä–º—É–ª
                                                  –µ A
You may provide a definition with
\DeclareUnicodeCharacter 


! Package inputenc Error: Unicode character –µ (U+435)
(inputenc)                not set up for use with LaTeX.

See the inputenc package documentation for explanation.
Type  H <return>  for immediate help.
 ...                                              
                                                  
l.7 ...–æ–∏–º –ø–æ—Å—Ç—Ä–æ–∏–º –ø–æ —Ñ–æ—Ä–º—É–ª–µ
                                                   A
You may provide a definition with
\DeclareUnicodeCharacter 

Missing character: There is no A in font nullfont!
LaTeX Font Info:    External font `cmex10' loaded for size
(Font)              <7> on input line 9.
LaTeX Font Info:    External font `cmex10' loaded for size
(Font)              <5> on input line 9.

Overfull \hbox (7.7778pt too wide) in paragraph at lines 9--10
[]$\OML/cmm/m/it/10 <
 []


Overfull \hbox (28.46172pt too wide) in paragraph at lines 9--10
\OML/cmm/m/it/10 E;  >$ 
 []

Missing character: There is no E in font nullfont!
Missing character: There is no - in font nullfont!

! Package inputenc Error: Unicode character –Ω (U+43D)
(inputenc)                not set up for use with LaTeX.

See the inputenc package documentation for explanation.
Type  H <return>  for immediate help.
 ...                                              
                                                  
l.11   \item E - –Ω
                   –∞–±–æ—Ä —É—Ä–∞–≤–Ω–µ–Ω–∏–π –≤ –∞–ª–≥. —Ç–µ—Ä–º–∞—Ö, $\ta...

You may provide a definition with
\DeclareUnicodeCharacter 


! Package inputenc Error: Unicode character –∞ (U+430)
(inputenc)                not set up for use with LaTeX.

See the inputenc package documentation for explanation.
Type  H <return>  for immediate help.
 ...                                              
                                                  
l.11   \item E - –Ω–∞
                     –±–æ—Ä —É—Ä–∞–≤–Ω–µ–Ω–∏–π –≤ –∞–ª–≥. —Ç–µ—Ä–º–∞—Ö, $\ta...

You may provide a definition with
\DeclareUnicodeCharacter 


! Package inputenc Error: Unicode character –± (U+431)
(inputenc)                not set up for use with LaTeX.

See the inputenc package documentation for explanation.
Type  H <return>  for immediate help.
 ...                                              
                                                  
l.11   \item E - –Ω–∞–±
                       –æ—Ä —É—Ä–∞–≤–Ω–µ–Ω–∏–π –≤ –∞–ª–≥. —Ç–µ—Ä–º–∞—Ö, $\ta...

You may provide a definition with
\DeclareUnicodeCharacter 


! Package inputenc Error: Unicode character –æ (U+43E)
(inputenc)                not set up for use with LaTeX.

See the inputenc package documentation for explanation.
Type  H <return>  for immediate help.
 ...                                              
                                                  
l.11   \item E - –Ω–∞–±–æ
                         —Ä —É—Ä–∞–≤–Ω–µ–Ω–∏–π –≤ –∞–ª–≥. —Ç–µ—Ä–º–∞—Ö, $\ta...

You may provide a definition with
\DeclareUnicodeCharacter 


! Package inputenc Error: Unicode character —Ä (U+440)
(inputenc)                not set up for use with LaTeX.

See the inputenc package documentation for explanation.
Type  H <return>  for immediate help.
 ...                                              
                                                  
l.11   \item E - –Ω–∞–±–æ—Ä
                            —É—Ä–∞–≤–Ω–µ–Ω–∏–π –≤ –∞–ª–≥. —Ç–µ—Ä–º–∞—Ö, $\ta...

You may provide a definition with
\DeclareUnicodeCharacter 


! Package inputenc Error: Unicode character —É (U+443)
(inputenc)                not set up for use with LaTeX.

See the inputenc package documentation for explanation.
Type  H <return>  for immediate help.
 ...                                              
                                                  
l.11   \item E - –Ω–∞–±–æ—Ä —É
                              —Ä–∞–≤–Ω–µ–Ω–∏–π –≤ –∞–ª–≥. —Ç–µ—Ä–º–∞—Ö, $\ta...

You may provide a definition with
\DeclareUnicodeCharacter 


! Package inputenc Error: Unicode character —Ä (U+440)
(inputenc)                not set up for use with LaTeX.

See the inputenc package documentation for explanation.
Type  H <return>  for immediate help.
 ...                                              
                                                  
l.11   \item E - –Ω–∞–±–æ—Ä —É—Ä
                                –∞–≤–Ω–µ–Ω–∏–π –≤ –∞–ª–≥. —Ç–µ—Ä–º–∞—Ö, $\ta...

You may provide a definition with
\DeclareUnicodeCharacter 


! Package inputenc Error: Unicode character –∞ (U+430)
(inputenc)                not set up for use with LaTeX.

See the inputenc package documentation for explanation.
Type  H <return>  for immediate help.
 ...                                              
                                                  
l.11   \item E - –Ω–∞–±–æ—Ä —É—Ä–∞
                                  –≤–Ω–µ–Ω–∏–π –≤ –∞–ª–≥. —Ç–µ—Ä–º–∞—Ö, $\ta...

You may provide a definition with
\DeclareUnicodeCharacter 


! Package inputenc Error: Unicode character –≤ (U+432)
(inputenc)                not set up for use with LaTeX.

See the inputenc package documentation for explanation.
Type  H <return>  for immediate help.
 ...                                              
                                                  
l.11   \item E - –Ω–∞–±–æ—Ä —É—Ä–∞–≤
                                    –Ω–µ–Ω–∏–π –≤ –∞–ª–≥. —Ç–µ—Ä–º–∞—Ö, $\ta...

You may provide a definition with
\DeclareUnicodeCharacter 


! Package inputenc Error: Unicode character –Ω (U+43D)
(inputenc)                not set up for use with LaTeX.

See the inputenc package documentation for explanation.
Type  H <return>  for immediate help.
 ...                                              
                                                  
l.11   \item E - –Ω–∞–±–æ—Ä —É—Ä–∞–≤–Ω
                                      –µ–Ω–∏–π –≤ –∞–ª–≥. —Ç–µ—Ä–º–∞—Ö, $\ta...

You may provide a definition with
\DeclareUnicodeCharacter 


! Package inputenc Error: Unicode character –µ (U+435)
(inputenc)                not set up for use with LaTeX.

See the inputenc package documentation for explanation.
Type  H <return>  for immediate help.
 ...                                              
                                                  
l.11   \item E - –Ω–∞–±–æ—Ä —É—Ä–∞–≤–Ω–µ
                                        –Ω–∏–π –≤ –∞–ª–≥. —Ç–µ—Ä–º–∞—Ö, $\ta...

You may provide a definition with
\DeclareUnicodeCharacter 


! Package inputenc Error: Unicode character –Ω (U+43D)
(inputenc)                not set up for use with LaTeX.

See the inputenc package documentation for explanation.
Type  H <return>  for immediate help.
 ...                                              
                                                  
l.11   \item E - –Ω–∞–±–æ—Ä —É—Ä–∞–≤–Ω–µ–Ω
                                          –∏–π –≤ –∞–ª–≥. —Ç–µ—Ä–º–∞—Ö, $\ta...

You may provide a definition with
\DeclareUnicodeCharacter 


! Package inputenc Error: Unicode character –∏ (U+438)
(inputenc)                not set up for use with LaTeX.

See the inputenc package documentation for explanation.
Type  H <return>  for immediate help.
 ...                                              
                                                  
l.11   \item E - –Ω–∞–±–æ—Ä —É—Ä–∞–≤–Ω–µ–Ω–∏
                                            –π –≤ –∞–ª–≥. —Ç–µ—Ä–º–∞—Ö, $\ta...

You may provide a definition with
\DeclareUnicodeCharacter 


! Package inputenc Error: Unicode character –π (U+439)
(inputenc)                not set up for use with LaTeX.

See the inputenc package documentation for explanation.
Type  H <return>  for immediate help.
 ...                                              
                                                  
l.11   \item E - –Ω–∞–±–æ—Ä —É—Ä–∞–≤–Ω–µ–Ω–∏–π
                                               –≤ –∞–ª–≥. —Ç–µ—Ä–º–∞—Ö, $\ta...

You may provide a definition with
\DeclareUnicodeCharacter 


! Package inputenc Error: Unicode character –≤ (U+432)
(inputenc)                not set up for use with LaTeX.

See the inputenc package documentation for explanation.
Type  H <return>  for immediate help.
 ...                                              
                                                  
l.11   \item E - –Ω–∞–±–æ—Ä —É—Ä–∞–≤–Ω–µ–Ω–∏–π –≤
                                                  –∞–ª–≥. —Ç–µ—Ä–º–∞—Ö, $\ta...

You may provide a definition with
\DeclareUnicodeCharacter 


! Package inputenc Error: Unicode character –∞ (U+430)
(inputenc)                not set up for use with LaTeX.

See the inputenc package documentation for explanation.
Type  H <return>  for immediate help.
 ...                                              
                                                  
l.11 ...em E - –Ω–∞–±–æ—Ä —É—Ä–∞–≤–Ω–µ–Ω–∏–π –≤ –∞
                                                  –ª–≥. —Ç–µ—Ä–º–∞—Ö, $\tau$...

You may provide a definition with
\DeclareUnicodeCharacter 


! Package inputenc Error: Unicode character –ª (U+43B)
(inputenc)                not set up for use with LaTeX.

See the inputenc package documentation for explanation.
Type  H <return>  for immediate help.
 ...                                              
                                                  
l.11 ... E - –Ω–∞–±–æ—Ä —É—Ä–∞–≤–Ω–µ–Ω–∏–π –≤ –∞–ª
                                                  –≥. —Ç–µ—Ä–º–∞—Ö, $\tau$ -...

You may provide a definition with
\DeclareUnicodeCharacter 


! Package inputenc Error: Unicode character –≥ (U+433)
(inputenc)                not set up for use with LaTeX.

See the inputenc package documentation for explanation.
Type  H <return>  for immediate help.
 ...                                              
                                                  
l.11 ... - –Ω–∞–±–æ—Ä —É—Ä–∞–≤–Ω–µ–Ω–∏–π –≤ –∞–ª–≥
                                                  . —Ç–µ—Ä–º–∞—Ö, $\tau$ - —...

You may provide a definition with
\DeclareUnicodeCharacter 

Missing character: There is no . in font nullfont!

! Package inputenc Error: Unicode character —Ç (U+442)
(inputenc)                not set up for use with LaTeX.

See the inputenc package documentation for explanation.
Type  H <return>  for immediate help.
 ...                                              
                                                  
l.11 ...Ω–∞–±–æ—Ä —É—Ä–∞–≤–Ω–µ–Ω–∏–π –≤ –∞–ª–≥. —Ç
                                                  –µ—Ä–º–∞—Ö, $\tau$ - —Ç–∏–ø A

You may provide a definition with
\DeclareUnicodeCharacter 


! Package inputenc Error: Unicode character –µ (U+435)
(inputenc)                not set up for use with LaTeX.

See the inputenc package documentation for explanation.
Type  H <return>  for immediate help.
 ...                                              
                                                  
l.11 ...∞–±–æ—Ä —É—Ä–∞–≤–Ω–µ–Ω–∏–π –≤ –∞–ª–≥. —Ç–µ
                                                  —Ä–º–∞—Ö, $\tau$ - —Ç–∏–ø A
You may provide a definition with
\DeclareUnicodeCharacter 


! Package inputenc Error: Unicode character —Ä (U+440)
(inputenc)                not set up for use with LaTeX.

See the inputenc package documentation for explanation.
Type  H <return>  for immediate help.
 ...                                              
                                                  
l.11 ...±–æ—Ä —É—Ä–∞–≤–Ω–µ–Ω–∏–π –≤ –∞–ª–≥. —Ç–µ—Ä
                                                  –º–∞—Ö, $\tau$ - —Ç–∏–ø A
You may provide a definition with
\DeclareUnicodeCharacter 


! Package inputenc Error: Unicode character –º (U+43C)
(inputenc)                not set up for use with LaTeX.

See the inputenc package documentation for explanation.
Type  H <return>  for immediate help.
 ...                                              
                                                  
l.11 ...æ—Ä —É—Ä–∞–≤–Ω–µ–Ω–∏–π –≤ –∞–ª–≥. —Ç–µ—Ä–º
                                                  –∞—Ö, $\tau$ - —Ç–∏–ø A
You may provide a definition with
\DeclareUnicodeCharacter 


! Package inputenc Error: Unicode character –∞ (U+430)
(inputenc)                not set up for use with LaTeX.

See the inputenc package documentation for explanation.
Type  H <return>  for immediate help.
 ...                                              
                                                  
l.11 ...Ä —É—Ä–∞–≤–Ω–µ–Ω–∏–π –≤ –∞–ª–≥. —Ç–µ—Ä–º–∞
                                                  —Ö, $\tau$ - —Ç–∏–ø A
You may provide a definition with
\DeclareUnicodeCharacter 


! Package inputenc Error: Unicode character —Ö (U+445)
(inputenc)                not set up for use with LaTeX.

See the inputenc package documentation for explanation.
Type  H <return>  for immediate help.
 ...                                              
                                                  
l.11 ...—É—Ä–∞–≤–Ω–µ–Ω–∏–π –≤ –∞–ª–≥. —Ç–µ—Ä–º–∞—Ö
                                                  , $\tau$ - —Ç–∏–ø A
You may provide a definition with
\DeclareUnicodeCharacter 

Missing character: There is no , in font nullfont!
Missing character: There is no - in font nullfont!

! Package inputenc Error: Unicode character —Ç (U+442)
(inputenc)                not set up for use with LaTeX.

See the inputenc package documentation for explanation.
Type  H <return>  for immediate help.
 ...                                              
                                                  
l.11 ...Ω–∏–π –≤ –∞–ª–≥. —Ç–µ—Ä–º–∞—Ö, $\tau$ - —Ç
                                                  –∏–ø A
You may provide a definition with
\DeclareUnicodeCharacter 


! Package inputenc Error: Unicode character –∏ (U+438)
(inputenc)                not set up for use with LaTeX.

See the inputenc package documentation for explanation.
Type  H <return>  for immediate help.
 ...                                              
                                                  
l.11 ...∏–π –≤ –∞–ª–≥. —Ç–µ—Ä–º–∞—Ö, $\tau$ - —Ç–∏
                                                  –ø A
You may provide a definition with
\DeclareUnicodeCharacter 


! Package inputenc Error: Unicode character –ø (U+43F)
(inputenc)                not set up for use with LaTeX.

See the inputenc package documentation for explanation.
Type  H <return>  for immediate help.
 ...                                              
                                                  
l.11 ...π –≤ –∞–ª–≥. —Ç–µ—Ä–º–∞—Ö, $\tau$ - —Ç–∏–ø
                                                   A
You may provide a definition with
\DeclareUnicodeCharacter 

Missing character: There is no A in font nullfont!

Overfull \hbox (5.50348pt too wide) in paragraph at lines 11--12
\OML/cmm/m/it/10 $
 []

Missing character: There is no 2 in font nullfont!
Missing character: There is no ) in font nullfont!

! Package inputenc Error: Unicode character –µ (U+435)
(inputenc)                not set up for use with LaTeX.

See the inputenc package documentation for explanation.
Type  H <return>  for immediate help.
 ...                                              
                                                  
l.13   \item 2) –µ
                  —à–∏–º —É—Ä–∞–≤–Ω–µ–Ω–∏—è, –ø–æ–ª—É—á–∏–º S
You may provide a definition with
\DeclareUnicodeCharacter 


! Package inputenc Error: Unicode character —à (U+448)
(inputenc)                not set up for use with LaTeX.

See the inputenc package documentation for explanation.
Type  H <return>  for immediate help.
 ...                                              
                                                  
l.13   \item 2) –µ—à
                    –∏–º —É—Ä–∞–≤–Ω–µ–Ω–∏—è, –ø–æ–ª—É—á–∏–º S
You may provide a definition with
\DeclareUnicodeCharacter 


! Package inputenc Error: Unicode character –∏ (U+438)
(inputenc)                not set up for use with LaTeX.

See the inputenc package documentation for explanation.
Type  H <return>  for immediate help.
 ...                                              
                                                  
l.13   \item 2) –µ—à–∏
                      –º —É—Ä–∞–≤–Ω–µ–Ω–∏—è, –ø–æ–ª—É—á–∏–º S
You may provide a definition with
\DeclareUnicodeCharacter 


! Package inputenc Error: Unicode character –º (U+43C)
(inputenc)                not set up for use with LaTeX.

See the inputenc package documentation for explanation.
Type  H <return>  for immediate help.
 ...                                              
                                                  
l.13   \item 2) –µ—à–∏–º
                         —É—Ä–∞–≤–Ω–µ–Ω–∏—è, –ø–æ–ª—É—á–∏–º S
You may provide a definition with
\DeclareUnicodeCharacter 


! Package inputenc Error: Unicode character —É (U+443)
(inputenc)                not set up for use with LaTeX.

See the inputenc package documentation for explanation.
Type  H <return>  for immediate help.
 ...                                              
                                                  
l.13   \item 2) –µ—à–∏–º —É
                           —Ä–∞–≤–Ω–µ–Ω–∏—è, –ø–æ–ª—É—á–∏–º S
You may provide a definition with
\DeclareUnicodeCharacter 


! Package inputenc Error: Unicode character —Ä (U+440)
(inputenc)                not set up for use with LaTeX.

See the inputenc package documentation for explanation.
Type  H <return>  for immediate help.
 ...                                              
                                                  
l.13   \item 2) –µ—à–∏–º —É—Ä
                             –∞–≤–Ω–µ–Ω–∏—è, –ø–æ–ª—É—á–∏–º S
You may provide a definition with
\DeclareUnicodeCharacter 


! Package inputenc Error: Unicode character –∞ (U+430)
(inputenc)                not set up for use with LaTeX.

See the inputenc package documentation for explanation.
Type  H <return>  for immediate help.
 ...                                              
                                                  
l.13   \item 2) –µ—à–∏–º —É—Ä–∞
                               –≤–Ω–µ–Ω–∏—è, –ø–æ–ª—É—á–∏–º S
You may provide a definition with
\DeclareUnicodeCharacter 


! Package inputenc Error: Unicode character –≤ (U+432)
(inputenc)                not set up for use with LaTeX.

See the inputenc package documentation for explanation.
Type  H <return>  for immediate help.
 ...                                              
                                                  
l.13   \item 2) –µ—à–∏–º —É—Ä–∞–≤
                                 –Ω–µ–Ω–∏—è, –ø–æ–ª—É—á–∏–º S
You may provide a definition with
\DeclareUnicodeCharacter 


! Package inputenc Error: Unicode character –Ω (U+43D)
(inputenc)                not set up for use with LaTeX.

See the inputenc package documentation for explanation.
Type  H <return>  for immediate help.
 ...                                              
                                                  
l.13   \item 2) –µ—à–∏–º —É—Ä–∞–≤–Ω
                                   –µ–Ω–∏—è, –ø–æ–ª—É—á–∏–º S
You may provide a definition with
\DeclareUnicodeCharacter 


! Package inputenc Error: Unicode character –µ (U+435)
(inputenc)                not set up for use with LaTeX.

See the inputenc package documentation for explanation.
Type  H <return>  for immediate help.
 ...                                              
                                                  
l.13   \item 2) –µ—à–∏–º —É—Ä–∞–≤–Ω–µ
                                     –Ω–∏—è, –ø–æ–ª—É—á–∏–º S
You may provide a definition with
\DeclareUnicodeCharacter 


! Package inputenc Error: Unicode character –Ω (U+43D)
(inputenc)                not set up for use with LaTeX.

See the inputenc package documentation for explanation.
Type  H <return>  for immediate help.
 ...                                              
                                                  
l.13   \item 2) –µ—à–∏–º —É—Ä–∞–≤–Ω–µ–Ω
                                       –∏—è, –ø–æ–ª—É—á–∏–º S
You may provide a definition with
\DeclareUnicodeCharacter 


! Package inputenc Error: Unicode character –∏ (U+438)
(inputenc)                not set up for use with LaTeX.

See the inputenc package documentation for explanation.
Type  H <return>  for immediate help.
 ...                                              
                                                  
l.13   \item 2) –µ—à–∏–º —É—Ä–∞–≤–Ω–µ–Ω–∏
                                         —è, –ø–æ–ª—É—á–∏–º S
You may provide a definition with
\DeclareUnicodeCharacter 


! Package inputenc Error: Unicode character —è (U+44F)
(inputenc)                not set up for use with LaTeX.

See the inputenc package documentation for explanation.
Type  H <return>  for immediate help.
 ...                                              
                                                  
l.13   \item 2) –µ—à–∏–º —É—Ä–∞–≤–Ω–µ–Ω–∏—è
                                           , –ø–æ–ª—É—á–∏–º S
You may provide a definition with
\DeclareUnicodeCharacter 

Missing character: There is no , in font nullfont!

! Package inputenc Error: Unicode character –ø (U+43F)
(inputenc)                not set up for use with LaTeX.

See the inputenc package documentation for explanation.
Type  H <return>  for immediate help.
 ...                                              
                                                  
l.13   \item 2) –µ—à–∏–º —É—Ä–∞–≤–Ω–µ–Ω–∏—è, –ø
                                               –æ–ª—É—á–∏–º S
You may provide a definition with
\DeclareUnicodeCharacter 


! Package inputenc Error: Unicode character –æ (U+43E)
(inputenc)                not set up for use with LaTeX.

See the inputenc package documentation for explanation.
Type  H <return>  for immediate help.
 ...                                              
                                                  
l.13   \item 2) –µ—à–∏–º —É—Ä–∞–≤–Ω–µ–Ω–∏—è, –ø–æ
                                                 –ª—É—á–∏–º S
You may provide a definition with
\DeclareUnicodeCharacter 


! Package inputenc Error: Unicode character –ª (U+43B)
(inputenc)                not set up for use with LaTeX.

See the inputenc package documentation for explanation.
Type  H <return>  for immediate help.
 ...                                              
                                                  
l.13 ...tem 2) –µ—à–∏–º —É—Ä–∞–≤–Ω–µ–Ω–∏—è, –ø–æ–ª
                                                  —É—á–∏–º S
You may provide a definition with
\DeclareUnicodeCharacter 


! Package inputenc Error: Unicode character —É (U+443)
(inputenc)                not set up for use with LaTeX.

See the inputenc package documentation for explanation.
Type  H <return>  for immediate help.
 ...                                              
                                                  
l.13 ...m 2) –µ—à–∏–º —É—Ä–∞–≤–Ω–µ–Ω–∏—è, –ø–æ–ª—É
                                                  —á–∏–º S
You may provide a definition with
\DeclareUnicodeCharacter 


! Package inputenc Error: Unicode character —á (U+447)
(inputenc)                not set up for use with LaTeX.

See the inputenc package documentation for explanation.
Type  H <return>  for immediate help.
 ...                                              
                                                  
l.13 ...2) –µ—à–∏–º —É—Ä–∞–≤–Ω–µ–Ω–∏—è, –ø–æ–ª—É—á
                                                  –∏–º S
You may provide a definition with
\DeclareUnicodeCharacter 


! Package inputenc Error: Unicode character –∏ (U+438)
(inputenc)                not set up for use with LaTeX.

See the inputenc package documentation for explanation.
Type  H <return>  for immediate help.
 ...                                              
                                                  
l.13 ... –µ—à–∏–º —É—Ä–∞–≤–Ω–µ–Ω–∏—è, –ø–æ–ª—É—á–∏
                                                  –º S
You may provide a definition with
\DeclareUnicodeCharacter 


! Package inputenc Error: Unicode character –º (U+43C)
(inputenc)                not set up for use with LaTeX.

See the inputenc package documentation for explanation.
Type  H <return>  for immediate help.
 ...                                              
                                                  
l.13 ...µ—à–∏–º —É—Ä–∞–≤–Ω–µ–Ω–∏—è, –ø–æ–ª—É—á–∏–º
                                                   S
You may provide a definition with
\DeclareUnicodeCharacter 

Missing character: There is no S in font nullfont!
Missing character: There is no 3 in font nullfont!
Missing character: There is no ) in font nullfont!

! Package inputenc Error: Unicode character –ò (U+418)
(inputenc)                not set up for use with LaTeX.

See the inputenc package documentation for explanation.
Type  H <return>  for immediate help.
 ...                                              
                                                  
l.15   \item 3) –ò
                  –∑ —Ä–µ—à–µ–Ω–∏—è E –ø–æ–ª—É—á–∏–º –æ—Ç–≤–µ—Ç $S(\tau)$
You may provide a definition with
\DeclareUnicodeCharacter 


! Package inputenc Error: Unicode character –∑ (U+437)
(inputenc)                not set up for use with LaTeX.

See the inputenc package documentation for explanation.
Type  H <return>  for immediate help.
 ...                                              
                                                  
l.15   \item 3) –ò–∑
                     —Ä–µ—à–µ–Ω–∏—è E –ø–æ–ª—É—á–∏–º –æ—Ç–≤–µ—Ç $S(\tau)$
You may provide a definition with
\DeclareUnicodeCharacter 


! Package inputenc Error: Unicode character —Ä (U+440)
(inputenc)                not set up for use with LaTeX.

See the inputenc package documentation for explanation.
Type  H <return>  for immediate help.
 ...                                              
                                                  
l.15   \item 3) –ò–∑ —Ä
                       –µ—à–µ–Ω–∏—è E –ø–æ–ª—É—á–∏–º –æ—Ç–≤–µ—Ç $S(\tau)$
You may provide a definition with
\DeclareUnicodeCharacter 


! Package inputenc Error: Unicode character –µ (U+435)
(inputenc)                not set up for use with LaTeX.

See the inputenc package documentation for explanation.
Type  H <return>  for immediate help.
 ...                                              
                                                  
l.15   \item 3) –ò–∑ —Ä–µ
                         —à–µ–Ω–∏—è E –ø–æ–ª—É—á–∏–º –æ—Ç–≤–µ—Ç $S(\tau)$
You may provide a definition with
\DeclareUnicodeCharacter 


! Package inputenc Error: Unicode character —à (U+448)
(inputenc)                not set up for use with LaTeX.

See the inputenc package documentation for explanation.
Type  H <return>  for immediate help.
 ...                                              
                                                  
l.15   \item 3) –ò–∑ —Ä–µ—à
                           –µ–Ω–∏—è E –ø–æ–ª—É—á–∏–º –æ—Ç–≤–µ—Ç $S(\tau)$
You may provide a definition with
\DeclareUnicodeCharacter 


! Package inputenc Error: Unicode character –µ (U+435)
(inputenc)                not set up for use with LaTeX.

See the inputenc package documentation for explanation.
Type  H <return>  for immediate help.
 ...                                              
                                                  
l.15   \item 3) –ò–∑ —Ä–µ—à–µ
                             –Ω–∏—è E –ø–æ–ª—É—á–∏–º –æ—Ç–≤–µ—Ç $S(\tau)$
You may provide a definition with
\DeclareUnicodeCharacter 


! Package inputenc Error: Unicode character –Ω (U+43D)
(inputenc)                not set up for use with LaTeX.

See the inputenc package documentation for explanation.
Type  H <return>  for immediate help.
 ...                                              
                                                  
l.15   \item 3) –ò–∑ —Ä–µ—à–µ–Ω
                               –∏—è E –ø–æ–ª—É—á–∏–º –æ—Ç–≤–µ—Ç $S(\tau)$
You may provide a definition with
\DeclareUnicodeCharacter 


! Package inputenc Error: Unicode character –∏ (U+438)
(inputenc)                not set up for use with LaTeX.

See the inputenc package documentation for explanation.
Type  H <return>  for immediate help.
 ...                                              
                                                  
l.15   \item 3) –ò–∑ —Ä–µ—à–µ–Ω–∏
                                 —è E –ø–æ–ª—É—á–∏–º –æ—Ç–≤–µ—Ç $S(\tau)$
You may provide a definition with
\DeclareUnicodeCharacter 


! Package inputenc Error: Unicode character —è (U+44F)
(inputenc)                not set up for use with LaTeX.

See the inputenc package documentation for explanation.
Type  H <return>  for immediate help.
 ...                                              
                                                  
l.15   \item 3) –ò–∑ —Ä–µ—à–µ–Ω–∏—è
                                    E –ø–æ–ª—É—á–∏–º –æ—Ç–≤–µ—Ç $S(\tau)$
You may provide a definition with
\DeclareUnicodeCharacter 

Missing character: There is no E in font nullfont!

! Package inputenc Error: Unicode character –ø (U+43F)
(inputenc)                not set up for use with LaTeX.

See the inputenc package documentation for explanation.
Type  H <return>  for immediate help.
 ...                                              
                                                  
l.15   \item 3) –ò–∑ —Ä–µ—à–µ–Ω–∏—è E –ø
                                        –æ–ª—É—á–∏–º –æ—Ç–≤–µ—Ç $S(\tau)$
You may provide a definition with
\DeclareUnicodeCharacter 


! Package inputenc Error: Unicode character –æ (U+43E)
(inputenc)                not set up for use with LaTeX.

See the inputenc package documentation for explanation.
Type  H <return>  for immediate help.
 ...                                              
                                                  
l.15   \item 3) –ò–∑ —Ä–µ—à–µ–Ω–∏—è E –ø–æ
                                          –ª—É—á–∏–º –æ—Ç–≤–µ—Ç $S(\tau)$
You may provide a definition with
\DeclareUnicodeCharacter 


! Package inputenc Error: Unicode character –ª (U+43B)
(inputenc)                not set up for use with LaTeX.

See the inputenc package documentation for explanation.
Type  H <return>  for immediate help.
 ...                                              
                                                  
l.15   \item 3) –ò–∑ —Ä–µ—à–µ–Ω–∏—è E –ø–æ–ª
                                            —É—á–∏–º –æ—Ç–≤–µ—Ç $S(\tau)$
You may provide a definition with
\DeclareUnicodeCharacter 


! Package inputenc Error: Unicode character —É (U+443)
(inputenc)                not set up for use with LaTeX.

See the inputenc package documentation for explanation.
Type  H <return>  for immediate help.
 ...                                              
                                                  
l.15   \item 3) –ò–∑ —Ä–µ—à–µ–Ω–∏—è E –ø–æ–ª—É
                                              —á–∏–º –æ—Ç–≤–µ—Ç $S(\tau)$
You may provide a definition with
\DeclareUnicodeCharacter 


! Package inputenc Error: Unicode character —á (U+447)
(inputenc)                not set up for use with LaTeX.

See the inputenc package documentation for explanation.
Type  H <return>  for immediate help.
 ...                                              
                                                  
l.15   \item 3) –ò–∑ —Ä–µ—à–µ–Ω–∏—è E –ø–æ–ª—É—á
                                                –∏–º –æ—Ç–≤–µ—Ç $S(\tau)$
You may provide a definition with
\DeclareUnicodeCharacter 


! Package inputenc Error: Unicode character –∏ (U+438)
(inputenc)                not set up for use with LaTeX.

See the inputenc package documentation for explanation.
Type  H <return>  for immediate help.
 ...                                              
                                                  
l.15   \item 3) –ò–∑ —Ä–µ—à–µ–Ω–∏—è E –ø–æ–ª—É—á–∏
                                                  –º –æ—Ç–≤–µ—Ç $S(\tau)$
You may provide a definition with
\DeclareUnicodeCharacter 


! Package inputenc Error: Unicode character –º (U+43C)
(inputenc)                not set up for use with LaTeX.

See the inputenc package documentation for explanation.
Type  H <return>  for immediate help.
 ...                                              
                                                  
l.15 ...em 3) –ò–∑ —Ä–µ—à–µ–Ω–∏—è E –ø–æ–ª—É—á–∏–º
                                                   –æ—Ç–≤–µ—Ç $S(\tau)$
You may provide a definition with
\DeclareUnicodeCharacter 


! Package inputenc Error: Unicode character –æ (U+43E)
(inputenc)                not set up for use with LaTeX.

See the inputenc package documentation for explanation.
Type  H <return>  for immediate help.
 ...                                              
                                                  
l.15 ...3) –ò–∑ —Ä–µ—à–µ–Ω–∏—è E –ø–æ–ª—É—á–∏–º –æ
                                                  —Ç–≤–µ—Ç $S(\tau)$
You may provide a definition with
\DeclareUnicodeCharacter 


! Package inputenc Error: Unicode character —Ç (U+442)
(inputenc)                not set up for use with LaTeX.

See the inputenc package documentation for explanation.
Type  H <return>  for immediate help.
 ...                                              
                                                  
l.15 ... –ò–∑ —Ä–µ—à–µ–Ω–∏—è E –ø–æ–ª—É—á–∏–º –æ—Ç
                                                  –≤–µ—Ç $S(\tau)$
You may provide a definition with
\DeclareUnicodeCharacter 


! Package inputenc Error: Unicode character –≤ (U+432)
(inputenc)                not set up for use with LaTeX.

See the inputenc package documentation for explanation.
Type  H <return>  for immediate help.
 ...                                              
                                                  
l.15 ...ò–∑ —Ä–µ—à–µ–Ω–∏—è E –ø–æ–ª—É—á–∏–º –æ—Ç–≤
                                                  –µ—Ç $S(\tau)$
You may provide a definition with
\DeclareUnicodeCharacter 


! Package inputenc Error: Unicode character –µ (U+435)
(inputenc)                not set up for use with LaTeX.

See the inputenc package documentation for explanation.
Type  H <return>  for immediate help.
 ...                                              
                                                  
l.15 ...∑ —Ä–µ—à–µ–Ω–∏—è E –ø–æ–ª—É—á–∏–º –æ—Ç–≤–µ
                                                  —Ç $S(\tau)$
You may provide a definition with
\DeclareUnicodeCharacter 


! Package inputenc Error: Unicode character —Ç (U+442)
(inputenc)                not set up for use with LaTeX.

See the inputenc package documentation for explanation.
Type  H <return>  for immediate help.
 ...                                              
                                                  
l.15 ...—Ä–µ—à–µ–Ω–∏—è E –ø–æ–ª—É—á–∏–º –æ—Ç–≤–µ—Ç
                                                   $S(\tau)$
You may provide a definition with
\DeclareUnicodeCharacter 


Overfull \hbox (19.9896pt too wide) in paragraph at lines 15--16
\OML/cmm/m/it/10 S\OT1/cmr/m/n/10 (\OML/cmm/m/it/10 \OT1/cmr/m/n/10 )$ 
 []


Overfull \hbox (30.22217pt too wide) in paragraph at lines 19--20
[]\OT1/cmr/bx/n/10 1) 
 []


! Package inputenc Error: Unicode character –¢ (U+422)
(inputenc)                not set up for use with LaTeX.

See the inputenc package documentation for explanation.
Type  H <return>  for immediate help.
 ...                                              
                                                  
l.21 –¢
       —Ä–∏ —Å–ª—É—á–∞—è
You may provide a definition with
\DeclareUnicodeCharacter 


! Package inputenc Error: Unicode character —Ä (U+440)
(inputenc)                not set up for use with LaTeX.

See the inputenc package documentation for explanation.
Type  H <return>  for immediate help.
 ...                                              
                                                  
l.21 –¢—Ä
         –∏ —Å–ª—É—á–∞—è
You may provide a definition with
\DeclareUnicodeCharacter 


! Package inputenc Error: Unicode character –∏ (U+438)
(inputenc)                not set up for use with LaTeX.

See the inputenc package documentation for explanation.
Type  H <return>  for immediate help.
 ...                                              
                                                  
l.21 –¢—Ä–∏
            —Å–ª—É—á–∞—è
You may provide a definition with
\DeclareUnicodeCharacter 


! Package inputenc Error: Unicode character —Å (U+441)
(inputenc)                not set up for use with LaTeX.

See the inputenc package documentation for explanation.
Type  H <return>  for immediate help.
 ...                                              
                                                  
l.21 –¢—Ä–∏ —Å
              –ª—É—á–∞—è
You may provide a definition with
\DeclareUnicodeCharacter 


! Package inputenc Error: Unicode character –ª (U+43B)
(inputenc)                not set up for use with LaTeX.

See the inputenc package documentation for explanation.
Type  H <return>  for immediate help.
 ...                                              
                                                  
l.21 –¢—Ä–∏ —Å–ª
                —É—á–∞—è
You may provide a definition with
\DeclareUnicodeCharacter 


! Package inputenc Error: Unicode character —É (U+443)
(inputenc)                not set up for use with LaTeX.

See the inputenc package documentation for explanation.
Type  H <return>  for immediate help.
 ...                                              
                                                  
l.21 –¢—Ä–∏ —Å–ª—É
                  —á–∞—è
You may provide a definition with
\DeclareUnicodeCharacter 


! Package inputenc Error: Unicode character —á (U+447)
(inputenc)                not set up for use with LaTeX.

See the inputenc package documentation for explanation.
Type  H <return>  for immediate help.
 ...                                              
                                                  
l.21 –¢—Ä–∏ —Å–ª—É—á
                    –∞—è
You may provide a definition with
\DeclareUnicodeCharacter 


! Package inputenc Error: Unicode character –∞ (U+430)
(inputenc)                not set up for use with LaTeX.

See the inputenc package documentation for explanation.
Type  H <return>  for immediate help.
 ...                                              
                                                  
l.21 –¢—Ä–∏ —Å–ª—É—á–∞
                      —è
You may provide a definition with
\DeclareUnicodeCharacter 


! Package inputenc Error: Unicode character —è (U+44F)
(inputenc)                not set up for use with LaTeX.

See the inputenc package documentation for explanation.
Type  H <return>  for immediate help.
 ...                                              
                                                  
l.21 –¢—Ä–∏ —Å–ª—É—á–∞—è
                        
You may provide a definition with
\DeclareUnicodeCharacter 


Overfull \hbox (20.0pt too wide) in paragraph at lines 23--23
[] 
 []

Missing character: There is no A in font nullfont!
Missing character: There is no = in font nullfont!
Missing character: There is no x in font nullfont!
Missing character: There is no , in font nullfont!

! Package inputenc Error: Unicode character —É (U+443)
(inputenc)                not set up for use with LaTeX.

See the inputenc package documentation for explanation.
Type  H <return>  for immediate help.
 ...                                              
                                                  
l.25  \item A = x, —É
                     —Ä–∞–≤–Ω–µ–Ω–∏–π –Ω–µ—Ç, —Ç–∏–ø –ê - —ç—Ç–æ $\alpha_x$ ...

You may provide a definition with
\DeclareUnicodeCharacter 


! Package inputenc Error: Unicode character —Ä (U+440)
(inputenc)                not set up for use with LaTeX.

See the inputenc package documentation for explanation.
Type  H <return>  for immediate help.
 ...                                              
                                                  
l.25  \item A = x, —É—Ä
                       –∞–≤–Ω–µ–Ω–∏–π –Ω–µ—Ç, —Ç–∏–ø –ê - —ç—Ç–æ $\alpha_x$ ...

You may provide a definition with
\DeclareUnicodeCharacter 


! Package inputenc Error: Unicode character –∞ (U+430)
(inputenc)                not set up for use with LaTeX.

See the inputenc package documentation for explanation.
Type  H <return>  for immediate help.
 ...                                              
                                                  
l.25  \item A = x, —É—Ä–∞
                         –≤–Ω–µ–Ω–∏–π –Ω–µ—Ç, —Ç–∏–ø –ê - —ç—Ç–æ $\alpha_x$ ...

You may provide a definition with
\DeclareUnicodeCharacter 


! Package inputenc Error: Unicode character –≤ (U+432)
(inputenc)                not set up for use with LaTeX.

See the inputenc package documentation for explanation.
Type  H <return>  for immediate help.
 ...                                              
                                                  
l.25  \item A = x, —É—Ä–∞–≤
                           –Ω–µ–Ω–∏–π –Ω–µ—Ç, —Ç–∏–ø –ê - —ç—Ç–æ $\alpha_x$ ...

You may provide a definition with
\DeclareUnicodeCharacter 


! Package inputenc Error: Unicode character –Ω (U+43D)
(inputenc)                not set up for use with LaTeX.

See the inputenc package documentation for explanation.
Type  H <return>  for immediate help.
 ...                                              
                                                  
l.25  \item A = x, —É—Ä–∞–≤–Ω
                             –µ–Ω–∏–π –Ω–µ—Ç, —Ç–∏–ø –ê - —ç—Ç–æ $\alpha_x$ ...

You may provide a definition with
\DeclareUnicodeCharacter 


! Package inputenc Error: Unicode character –µ (U+435)
(inputenc)                not set up for use with LaTeX.

See the inputenc package documentation for explanation.
Type  H <return>  for immediate help.
 ...                                              
                                                  
l.25  \item A = x, —É—Ä–∞–≤–Ω–µ
                               –Ω–∏–π –Ω–µ—Ç, —Ç–∏–ø –ê - —ç—Ç–æ $\alpha_x$ ...

You may provide a definition with
\DeclareUnicodeCharacter 


! Package inputenc Error: Unicode character –Ω (U+43D)
(inputenc)                not set up for use with LaTeX.

See the inputenc package documentation for explanation.
Type  H <return>  for immediate help.
 ...                                              
                                                  
l.25  \item A = x, —É—Ä–∞–≤–Ω–µ–Ω
                                 –∏–π –Ω–µ—Ç, —Ç–∏–ø –ê - —ç—Ç–æ $\alpha_x$ ...

You may provide a definition with
\DeclareUnicodeCharacter 


! Package inputenc Error: Unicode character –∏ (U+438)
(inputenc)                not set up for use with LaTeX.

See the inputenc package documentation for explanation.
Type  H <return>  for immediate help.
 ...                                              
                                                  
l.25  \item A = x, —É—Ä–∞–≤–Ω–µ–Ω–∏
                                   –π –Ω–µ—Ç, —Ç–∏–ø –ê - —ç—Ç–æ $\alpha_x$ ...

You may provide a definition with
\DeclareUnicodeCharacter 


! Package inputenc Error: Unicode character –π (U+439)
(inputenc)                not set up for use with LaTeX.

See the inputenc package documentation for explanation.
Type  H <return>  for immediate help.
 ...                                              
                                                  
l.25  \item A = x, —É—Ä–∞–≤–Ω–µ–Ω–∏–π
                                      –Ω–µ—Ç, —Ç–∏–ø –ê - —ç—Ç–æ $\alpha_x$ ...

You may provide a definition with
\DeclareUnicodeCharacter 


! Package inputenc Error: Unicode character –Ω (U+43D)
(inputenc)                not set up for use with LaTeX.

See the inputenc package documentation for explanation.
Type  H <return>  for immediate help.
 ...                                              
                                                  
l.25  \item A = x, —É—Ä–∞–≤–Ω–µ–Ω–∏–π –Ω
                                        –µ—Ç, —Ç–∏–ø –ê - —ç—Ç–æ $\alpha_x$ ...

You may provide a definition with
\DeclareUnicodeCharacter 


! Package inputenc Error: Unicode character –µ (U+435)
(inputenc)                not set up for use with LaTeX.

See the inputenc package documentation for explanation.
Type  H <return>  for immediate help.
 ...                                              
                                                  
l.25  \item A = x, —É—Ä–∞–≤–Ω–µ–Ω–∏–π –Ω–µ
                                          —Ç, —Ç–∏–ø –ê - —ç—Ç–æ $\alpha_x$ ...

You may provide a definition with
\DeclareUnicodeCharacter 


! Package inputenc Error: Unicode character —Ç (U+442)
(inputenc)                not set up for use with LaTeX.

See the inputenc package documentation for explanation.
Type  H <return>  for immediate help.
 ...                                              
                                                  
l.25  \item A = x, —É—Ä–∞–≤–Ω–µ–Ω–∏–π –Ω–µ—Ç
                                            , —Ç–∏–ø –ê - —ç—Ç–æ $\alpha_x$ ...

You may provide a definition with
\DeclareUnicodeCharacter 

Missing character: There is no , in font nullfont!

! Package inputenc Error: Unicode character —Ç (U+442)
(inputenc)                not set up for use with LaTeX.

See the inputenc package documentation for explanation.
Type  H <return>  for immediate help.
 ...                                              
                                                  
l.25  \item A = x, —É—Ä–∞–≤–Ω–µ–Ω–∏–π –Ω–µ—Ç, —Ç
                                                –∏–ø –ê - —ç—Ç–æ $\alpha_x$ ...

You may provide a definition with
\DeclareUnicodeCharacter 


! Package inputenc Error: Unicode character –∏ (U+438)
(inputenc)                not set up for use with LaTeX.

See the inputenc package documentation for explanation.
Type  H <return>  for immediate help.
 ...                                              
                                                  
l.25  \item A = x, —É—Ä–∞–≤–Ω–µ–Ω–∏–π –Ω–µ—Ç, —Ç–∏
                                                  –ø –ê - —ç—Ç–æ $\alpha_x$ ...

You may provide a definition with
\DeclareUnicodeCharacter 


! Package inputenc Error: Unicode character –ø (U+43F)
(inputenc)                not set up for use with LaTeX.

See the inputenc package documentation for explanation.
Type  H <return>  for immediate help.
 ...                                              
                                                  
l.25 ...m A = x, —É—Ä–∞–≤–Ω–µ–Ω–∏–π –Ω–µ—Ç, —Ç–∏–ø
                                                   –ê - —ç—Ç–æ $\alpha_x$ - ...

You may provide a definition with
\DeclareUnicodeCharacter 


! Package inputenc Error: Unicode character –ê (U+410)
(inputenc)                not set up for use with LaTeX.

See the inputenc package documentation for explanation.
Type  H <return>  for immediate help.
 ...                                              
                                                  
l.25 ... = x, —É—Ä–∞–≤–Ω–µ–Ω–∏–π –Ω–µ—Ç, —Ç–∏–ø –ê
                                                   - —ç—Ç–æ $\alpha_x$ - —Å–...

You may provide a definition with
\DeclareUnicodeCharacter 

Missing character: There is no - in font nullfont!

! Package inputenc Error: Unicode character —ç (U+44D)
(inputenc)                not set up for use with LaTeX.

See the inputenc package documentation for explanation.
Type  H <return>  for immediate help.
 ...                                              
                                                  
l.25 ... —É—Ä–∞–≤–Ω–µ–Ω–∏–π –Ω–µ—Ç, —Ç–∏–ø –ê - —ç
                                                  —Ç–æ $\alpha_x$ - —Å–≤–µ–∂...

You may provide a definition with
\DeclareUnicodeCharacter 


! Package inputenc Error: Unicode character —Ç (U+442)
(inputenc)                not set up for use with LaTeX.

See the inputenc package documentation for explanation.
Type  H <return>  for immediate help.
 ...                                              
                                                  
l.25 ...É—Ä–∞–≤–Ω–µ–Ω–∏–π –Ω–µ—Ç, —Ç–∏–ø –ê - —ç—Ç
                                                  –æ $\alpha_x$ - —Å–≤–µ–∂–∞...

You may provide a definition with
\DeclareUnicodeCharacter 


! Package inputenc Error: Unicode character –æ (U+43E)
(inputenc)                not set up for use with LaTeX.

See the inputenc package documentation for explanation.
Type  H <return>  for immediate help.
 ...                                              
                                                  
l.25 ...Ä–∞–≤–Ω–µ–Ω–∏–π –Ω–µ—Ç, —Ç–∏–ø –ê - —ç—Ç–æ
                                                   $\alpha_x$ - —Å–≤–µ–∂–∞—è...

You may provide a definition with
\DeclareUnicodeCharacter 

Missing character: There is no - in font nullfont!

! Package inputenc Error: Unicode character —Å (U+441)
(inputenc)                not set up for use with LaTeX.

See the inputenc package documentation for explanation.
Type  H <return>  for immediate help.
 ...                                              
                                                  
l.25 ...–Ω–µ—Ç, —Ç–∏–ø –ê - —ç—Ç–æ $\alpha_x$ - —Å
                                                  –≤–µ–∂–∞—è —Ç–∏–ø–æ–≤–∞—è ...

You may provide a definition with
\DeclareUnicodeCharacter 


! Package inputenc Error: Unicode character –≤ (U+432)
(inputenc)                not set up for use with LaTeX.

See the inputenc package documentation for explanation.
Type  H <return>  for immediate help.
 ...                                              
                                                  
l.25 ...–µ—Ç, —Ç–∏–ø –ê - —ç—Ç–æ $\alpha_x$ - —Å–≤
                                                  –µ–∂–∞—è —Ç–∏–ø–æ–≤–∞—è –ø...

You may provide a definition with
\DeclareUnicodeCharacter 


! Package inputenc Error: Unicode character –µ (U+435)
(inputenc)                not set up for use with LaTeX.

See the inputenc package documentation for explanation.
Type  H <return>  for immediate help.
 ...                                              
                                                  
l.25 ...—Ç, —Ç–∏–ø –ê - —ç—Ç–æ $\alpha_x$ - —Å–≤–µ
                                                  –∂–∞—è —Ç–∏–ø–æ–≤–∞—è –ø–µ...

You may provide a definition with
\DeclareUnicodeCharacter 


! Package inputenc Error: Unicode character –∂ (U+436)
(inputenc)                not set up for use with LaTeX.

See the inputenc package documentation for explanation.
Type  H <return>  for immediate help.
 ...                                              
                                                  
l.25 ..., —Ç–∏–ø –ê - —ç—Ç–æ $\alpha_x$ - —Å–≤–µ–∂
                                                  –∞—è —Ç–∏–ø–æ–≤–∞—è –ø–µ—Ä...

You may provide a definition with
\DeclareUnicodeCharacter 


! Package inputenc Error: Unicode character –∞ (U+430)
(inputenc)                not set up for use with LaTeX.

See the inputenc package documentation for explanation.
Type  H <return>  for immediate help.
 ...                                              
                                                  
l.25 ...—Ç–∏–ø –ê - —ç—Ç–æ $\alpha_x$ - —Å–≤–µ–∂–∞
                                                  —è —Ç–∏–ø–æ–≤–∞—è –ø–µ—Ä–µ...

You may provide a definition with
\DeclareUnicodeCharacter 


! Package inputenc Error: Unicode character —è (U+44F)
(inputenc)                not set up for use with LaTeX.

See the inputenc package documentation for explanation.
Type  H <return>  for immediate help.
 ...                                              
                                                  
l.25 ...–∏–ø –ê - —ç—Ç–æ $\alpha_x$ - —Å–≤–µ–∂–∞—è
                                                   —Ç–∏–ø–æ–≤–∞—è –ø–µ—Ä–µ–º...

You may provide a definition with
\DeclareUnicodeCharacter 


! Package inputenc Error: Unicode character —Ç (U+442)
(inputenc)                not set up for use with LaTeX.

See the inputenc package documentation for explanation.
Type  H <return>  for immediate help.
 ...                                              
                                                  
l.25 ...ø –ê - —ç—Ç–æ $\alpha_x$ - —Å–≤–µ–∂–∞—è —Ç
                                                  –∏–ø–æ–≤–∞—è –ø–µ—Ä–µ–º–µ–...

You may provide a definition with
\DeclareUnicodeCharacter 


! Package inputenc Error: Unicode character –∏ (U+438)
(inputenc)                not set up for use with LaTeX.

See the inputenc package documentation for explanation.
Type  H <return>  for immediate help.
 ...                                              
                                                  
l.25 ...–ê - —ç—Ç–æ $\alpha_x$ - —Å–≤–µ–∂–∞—è —Ç–∏
                                                  –ø–æ–≤–∞—è –ø–µ—Ä–µ–º–µ–Ω–...

You may provide a definition with
\DeclareUnicodeCharacter 


! Package inputenc Error: Unicode character –ø (U+43F)
(inputenc)                not set up for use with LaTeX.

See the inputenc package documentation for explanation.
Type  H <return>  for immediate help.
 ...                                              
                                                  
l.25 ... - —ç—Ç–æ $\alpha_x$ - —Å–≤–µ–∂–∞—è —Ç–∏–ø
                                                  –æ–≤–∞—è –ø–µ—Ä–µ–º–µ–Ω–Ω–∞—è

You may provide a definition with
\DeclareUnicodeCharacter 


! Package inputenc Error: Unicode character –æ (U+43E)
(inputenc)                not set up for use with LaTeX.

See the inputenc package documentation for explanation.
Type  H <return>  for immediate help.
 ...                                              
                                                  
l.25 ... —ç—Ç–æ $\alpha_x$ - —Å–≤–µ–∂–∞—è —Ç–∏–ø–æ
                                                  –≤–∞—è –ø–µ—Ä–µ–º–µ–Ω–Ω–∞—è
You may provide a definition with
\DeclareUnicodeCharacter 


! Package inputenc Error: Unicode character –≤ (U+432)
(inputenc)                not set up for use with LaTeX.

See the inputenc package documentation for explanation.
Type  H <return>  for immediate help.
 ...                                              
                                                  
l.25 ...ç—Ç–æ $\alpha_x$ - —Å–≤–µ–∂–∞—è —Ç–∏–ø–æ–≤
                                                  –∞—è –ø–µ—Ä–µ–º–µ–Ω–Ω–∞—è
You may provide a definition with
\DeclareUnicodeCharacter 


! Package inputenc Error: Unicode character –∞ (U+430)
(inputenc)                not set up for use with LaTeX.

See the inputenc package documentation for explanation.
Type  H <return>  for immediate help.
 ...                                              
                                                  
l.25 ...Ç–æ $\alpha_x$ - —Å–≤–µ–∂–∞—è —Ç–∏–ø–æ–≤–∞
                                                  —è –ø–µ—Ä–µ–º–µ–Ω–Ω–∞—è
You may provide a definition with
\DeclareUnicodeCharacter 


! Package inputenc Error: Unicode character —è (U+44F)
(inputenc)                not set up for use with LaTeX.

See the inputenc package documentation for explanation.
Type  H <return>  for immediate help.
 ...                                              
                                                  
l.25 ...æ $\alpha_x$ - —Å–≤–µ–∂–∞—è —Ç–∏–ø–æ–≤–∞—è
                                                   –ø–µ—Ä–µ–º–µ–Ω–Ω–∞—è
You may provide a definition with
\DeclareUnicodeCharacter 


! Package inputenc Error: Unicode character –ø (U+43F)
(inputenc)                not set up for use with LaTeX.

See the inputenc package documentation for explanation.
Type  H <return>  for immediate help.
 ...                                              
                                                  
l.25 ...\alpha_x$ - —Å–≤–µ–∂–∞—è —Ç–∏–ø–æ–≤–∞—è –ø
                                                  –µ—Ä–µ–º–µ–Ω–Ω–∞—è
You may provide a definition with
\DeclareUnicodeCharacter 


! Package inputenc Error: Unicode character –µ (U+435)
(inputenc)                not set up for use with LaTeX.

See the inputenc package documentation for explanation.
Type  H <return>  for immediate help.
 ...                                              
                                                  
l.25 ...lpha_x$ - —Å–≤–µ–∂–∞—è —Ç–∏–ø–æ–≤–∞—è –ø–µ
                                                  —Ä–µ–º–µ–Ω–Ω–∞—è
You may provide a definition with
\DeclareUnicodeCharacter 


! Package inputenc Error: Unicode character —Ä (U+440)
(inputenc)                not set up for use with LaTeX.

See the inputenc package documentation for explanation.
Type  H <return>  for immediate help.
 ...                                              
                                                  
l.25 ...ha_x$ - —Å–≤–µ–∂–∞—è —Ç–∏–ø–æ–≤–∞—è –ø–µ—Ä
                                                  –µ–º–µ–Ω–Ω–∞—è
You may provide a definition with
\DeclareUnicodeCharacter 


! Package inputenc Error: Unicode character –µ (U+435)
(inputenc)                not set up for use with LaTeX.

See the inputenc package documentation for explanation.
Type  H <return>  for immediate help.
 ...                                              
                                                  
l.25 ..._x$ - —Å–≤–µ–∂–∞—è —Ç–∏–ø–æ–≤–∞—è –ø–µ—Ä–µ
                                                  –º–µ–Ω–Ω–∞—è
You may provide a definition with
\DeclareUnicodeCharacter 


! Package inputenc Error: Unicode character –º (U+43C)
(inputenc)                not set up for use with LaTeX.

See the inputenc package documentation for explanation.
Type  H <return>  for immediate help.
 ...                                              
                                                  
l.25 ...$ - —Å–≤–µ–∂–∞—è —Ç–∏–ø–æ–≤–∞—è –ø–µ—Ä–µ–º
                                                  –µ–Ω–Ω–∞—è
You may provide a definition with
\DeclareUnicodeCharacter 


! Package inputenc Error: Unicode character –µ (U+435)
(inputenc)                not set up for use with LaTeX.

See the inputenc package documentation for explanation.
Type  H <return>  for immediate help.
 ...                                              
                                                  
l.25 ...- —Å–≤–µ–∂–∞—è —Ç–∏–ø–æ–≤–∞—è –ø–µ—Ä–µ–º–µ
                                                  –Ω–Ω–∞—è
You may provide a definition with
\DeclareUnicodeCharacter 


! Package inputenc Error: Unicode character –Ω (U+43D)
(inputenc)                not set up for use with LaTeX.

See the inputenc package documentation for explanation.
Type  H <return>  for immediate help.
 ...                                              
                                                  
l.25 ...—Å–≤–µ–∂–∞—è —Ç–∏–ø–æ–≤–∞—è –ø–µ—Ä–µ–º–µ–Ω
                                                  –Ω–∞—è
You may provide a definition with
\DeclareUnicodeCharacter 


! Package inputenc Error: Unicode character –Ω (U+43D)
(inputenc)                not set up for use with LaTeX.

See the inputenc package documentation for explanation.
Type  H <return>  for immediate help.
 ...                                              
                                                  
l.25 ...–≤–µ–∂–∞—è —Ç–∏–ø–æ–≤–∞—è –ø–µ—Ä–µ–º–µ–Ω–Ω
                                                  –∞—è
You may provide a definition with
\DeclareUnicodeCharacter 


! Package inputenc Error: Unicode character –∞ (U+430)
(inputenc)                not set up for use with LaTeX.

See the inputenc package documentation for explanation.
Type  H <return>  for immediate help.
 ...                                              
                                                  
l.25 ...–µ–∂–∞—è —Ç–∏–ø–æ–≤–∞—è –ø–µ—Ä–µ–º–µ–Ω–Ω–∞
                                                  —è
You may provide a definition with
\DeclareUnicodeCharacter 


! Package inputenc Error: Unicode character —è (U+44F)
(inputenc)                not set up for use with LaTeX.

See the inputenc package documentation for explanation.
Type  H <return>  for immediate help.
 ...                                              
                                                  
l.25 ...–∂–∞—è —Ç–∏–ø–æ–≤–∞—è –ø–µ—Ä–µ–º–µ–Ω–Ω–∞—è
                                                  
You may provide a definition with
\DeclareUnicodeCharacter 


Overfull \hbox (11.43175pt too wide) in paragraph at lines 25--26
\OML/cmm/m/it/10 []$
 []

Missing character: There is no A in font nullfont!
Missing character: There is no = in font nullfont!
Missing character: There is no P in font nullfont!
Missing character: There is no Q in font nullfont!
Missing character: There is no , in font nullfont!

Overfull \hbox (20.71634pt too wide) in paragraph at lines 27--28
\OML/cmm/m/it/10 E[] \OMS/cmsy/m/n/10 [
 []


Overfull \hbox (40.21889pt too wide) in paragraph at lines 27--28
\OML/cmm/m/it/10 E[]; [] \OT1/cmr/m/n/10 =
 []


Overfull \hbox (23.94704pt too wide) in paragraph at lines 27--28
\OML/cmm/m/it/10 [] \OMS/cmsy/m/n/10 !
 []


Overfull \hbox (30.26628pt too wide) in paragraph at lines 27--28
\OML/cmm/m/it/10 []; []$ 
 []

Missing character: There is no , in font nullfont!

Overfull \hbox (18.05553pt too wide) in paragraph at lines 29--30
\OML/cmm/m/it/10 A \OT1/cmr/m/n/10 =
 []


Overfull \hbox (22.13545pt too wide) in paragraph at lines 29--30
\OML/cmm/m/it/10 x:P$
 []


Overfull \hbox (46.59244pt too wide) in paragraph at lines 29--30
\OMS/cmsy/m/n/10 h\OML/cmm/m/it/10 E[]; [] \OMS/cmsy/m/n/10 !
 []


Overfull \hbox (14.92815pt too wide) in paragraph at lines 29--30
\OML/cmm/m/it/10 []\OMS/cmsy/m/n/10 i$ 
 []


Overfull \hbox (30.22217pt too wide) in paragraph at lines 33--34
[]\OT1/cmr/bx/n/10 2) 
 []


! LaTeX Error: \begin{document} ended by \end{para}.

See the LaTeX manual or LaTeX Companion for explanation.
Type  H <return>  for immediate help.
 ...                                              
                                                  
l.35 \end{para}
               
Your command was ignored.
Type  I <command> <return>  to replace it with another command,
or  <return>  to continue without it.

)
! Emergency stop.
<*> ./kek.tex
             
*** (job aborted, no legal \end found)

 
Here is how much of TeX's memory you used:
 46 strings out of 494891
 388 string characters out of 3178553
 52687 words of memory out of 3000000
 3770 multiletter control sequences out of 15000+200000
 3948 words of font info for 15 fonts, out of 3000000 for 9000
 0 hyphenation exceptions out of 8191
 18i,1n,12p,144b,129s stack positions out of 5000i,500n,10000p,200000b,50000s
!  ==> Fatal error occurred, no output PDF file produced!
