This is XeTeX, Version 3.14159265-2.6-0.99999 (MiKTeX 2.9.6630 64-bit) (preloaded format=xelatex 2018.5.26)  30 MAY 2018 17:33
entering extended mode
**./hw.tex
(hw.tex
LaTeX2e <2017-04-15>
Babel <3.18> and hyphenation patterns for 75 language(s) loaded.
! Undefined control sequence.
l.1 \problemset
               {HW04}
The control sequence at the end of the top line
of your error message was never \def'ed. If you have
misspelled it (e.g., `\hobx'), type `I' and the correct
spelling (e.g., `I\hbox'). Otherwise just continue,
and I'll forget about whatever was undefined.


! LaTeX Error: Missing \begin{document}.

See the LaTeX manual or LaTeX Companion for explanation.
Type  H <return>  for immediate help.
 ...                                              
                                                  
l.1 \problemset{H
                 W04}
You're in trouble here.  Try typing  <return>  to proceed.
If that doesn't work, type  X <return>  to quit.

Missing character: There is no H in font nullfont!
Missing character: There is no W in font nullfont!
Missing character: There is no 0 in font nullfont!
Missing character: There is no 4 in font nullfont!

Overfull \hbox (20.0pt too wide) in paragraph at lines 1--2
[] 
 []


! LaTeX Error: Environment problem undefined.

See the LaTeX manual or LaTeX Companion for explanation.
Type  H <return>  for immediate help.
 ...                                              
                                                  
l.3 \begin{problem}
                   {1}
Your command was ignored.
Type  I <command> <return>  to replace it with another command,
or  <return>  to continue without it.


! LaTeX Error: Missing \begin{document}.

See the LaTeX manual or LaTeX Companion for explanation.
Type  H <return>  for immediate help.
 ...                                              
                                                  
l.3 \begin{problem}{1
                     }
You're in trouble here.  Try typing  <return>  to proceed.
If that doesn't work, type  X <return>  to quit.

Missing character: There is no 1 in font nullfont!

Overfull \hbox (20.0pt too wide) in paragraph at lines 3--4
[] 
 []


! LaTeX Error: Missing \begin{document}.

See the LaTeX manual or LaTeX Companion for explanation.
Type  H <return>  for immediate help.
 ...                                              
                                                  
l.5 Р
     азложить в ряд Лорана:
You're in trouble here.  Try typing  <return>  to proceed.
If that doesn't work, type  X <return>  to quit.

Missing character: There is no Р in font nullfont!
Missing character: There is no а in font nullfont!
Missing character: There is no з in font nullfont!
Missing character: There is no л in font nullfont!
Missing character: There is no о in font nullfont!
Missing character: There is no ж in font nullfont!
Missing character: There is no и in font nullfont!
Missing character: There is no т in font nullfont!
Missing character: There is no ь in font nullfont!
Missing character: There is no в in font nullfont!
Missing character: There is no р in font nullfont!
Missing character: There is no я in font nullfont!
Missing character: There is no д in font nullfont!
Missing character: There is no Л in font nullfont!
Missing character: There is no о in font nullfont!
Missing character: There is no р in font nullfont!
Missing character: There is no а in font nullfont!
Missing character: There is no н in font nullfont!
Missing character: There is no а in font nullfont!
Missing character: There is no : in font nullfont!

Overfull \hbox (20.0pt too wide) in paragraph at lines 5--6
[]
 []


! LaTeX Error: Missing \begin{document}.

See the LaTeX manual or LaTeX Companion for explanation.
Type  H <return>  for immediate help.
 ...                                              
                                                  
l.7 a
     ) $\dfrac{1}{(z + 1)(z - 2)}, a = 0, D : 1 < |z| < 2$
You're in trouble here.  Try typing  <return>  to proceed.
If that doesn't work, type  X <return>  to quit.

Missing character: There is no a in font nullfont!
Missing character: There is no ) in font nullfont!
LaTeX Font Info:    External font `cmex10' loaded for size
(Font)              <7> on input line 7.
LaTeX Font Info:    External font `cmex10' loaded for size
(Font)              <5> on input line 7.
! Undefined control sequence.
<recently read> \dfrac 
                       
l.7 a) $\dfrac
              {1}{(z + 1)(z - 2)}, a = 0, D : 1 < |z| < 2$
The control sequence at the end of the top line
of your error message was never \def'ed. If you have
misspelled it (e.g., `\hobx'), type `I' and the correct
spelling (e.g., `I\hbox'). Otherwise just continue,
and I'll forget about whatever was undefined.


Overfull \hbox (20.0pt too wide) in paragraph at lines 7--8
[]
 []


Overfull \hbox (85.46634pt too wide) in paragraph at lines 7--8
\OT1/cmr/m/n/10 1[]\OML/cmm/m/it/10 ; a \OT1/cmr/m/n/10 =
 []


Overfull \hbox (23.55687pt too wide) in paragraph at lines 7--8
\OT1/cmr/m/n/10 0\OML/cmm/m/it/10 ; D \OT1/cmr/m/n/10 :
 []


Overfull \hbox (15.55553pt too wide) in paragraph at lines 7--8
\OT1/cmr/m/n/10 1 \OML/cmm/m/it/10 <
 []


Overfull \hbox (21.20139pt too wide) in paragraph at lines 7--8
\OMS/cmsy/m/n/10 j\OML/cmm/m/it/10 z\OMS/cmsy/m/n/10 j \OML/cmm/m/it/10 <
 []


Overfull \hbox (5.00002pt too wide) in paragraph at lines 7--8
\OT1/cmr/m/n/10 2$ 
 []


! LaTeX Error: Missing \begin{document}.

See the LaTeX manual or LaTeX Companion for explanation.
Type  H <return>  for immediate help.
 ...                                              
                                                  
l.9 $
     \dfrac{1}{(z + 1)(z - 2)} = \dfrac{A}{z + 1} + \dfrac{B}{z - 2} = \dfra...

You're in trouble here.  Try typing  <return>  to proceed.
If that doesn't work, type  X <return>  to quit.

! Undefined control sequence.
<recently read> \dfrac 
                       
l.9 $\dfrac
           {1}{(z + 1)(z - 2)} = \dfrac{A}{z + 1} + \dfrac{B}{z - 2} = \dfra...
The control sequence at the end of the top line
of your error message was never \def'ed. If you have
misspelled it (e.g., `\hobx'), type `I' and the correct
spelling (e.g., `I\hbox'). Otherwise just continue,
and I'll forget about whatever was undefined.

! Undefined control sequence.
l.9 $\dfrac{1}{(z + 1)(z - 2)} = \dfrac
                                       {A}{z + 1} + \dfrac{B}{z - 2} = \dfra...
The control sequence at the end of the top line
of your error message was never \def'ed. If you have
misspelled it (e.g., `\hobx'), type `I' and the correct
spelling (e.g., `I\hbox'). Otherwise just continue,
and I'll forget about whatever was undefined.

! Undefined control sequence.
l.9 ...(z + 1)(z - 2)} = \dfrac{A}{z + 1} + \dfrac
                                                  {B}{z - 2} = \dfrac{Az - 2...
The control sequence at the end of the top line
of your error message was never \def'ed. If you have
misspelled it (e.g., `\hobx'), type `I' and the correct
spelling (e.g., `I\hbox'). Otherwise just continue,
and I'll forget about whatever was undefined.

! Undefined control sequence.
l.9 ...dfrac{A}{z + 1} + \dfrac{B}{z - 2} = \dfrac
                                                  {Az - 2A + Bz + B}{(z + 1)...
The control sequence at the end of the top line
of your error message was never \def'ed. If you have
misspelled it (e.g., `\hobx'), type `I' and the correct
spelling (e.g., `I\hbox'). Otherwise just continue,
and I'll forget about whatever was undefined.


Overfull \hbox (95.73604pt too wide) in paragraph at lines 9--10
[]$\OT1/cmr/m/n/10 1[] =
 []


Overfull \hbox (37.59027pt too wide) in paragraph at lines 9--10
\OML/cmm/m/it/10 A[] \OT1/cmr/m/n/10 +
 []


Overfull \hbox (40.95477pt too wide) in paragraph at lines 9--10
\OML/cmm/m/it/10 B[] \OT1/cmr/m/n/10 =
 []


Overfull \hbox (143.20119pt too wide) in paragraph at lines 9--10
[][]$ 
 []


! LaTeX Error: Missing \begin{document}.

See the LaTeX manual or LaTeX Companion for explanation.
Type  H <return>  for immediate help.
 ...                                              
                                                  
l.11 $
      A + B = 0, B - 2A = 1 \Rightarrow A = \dfrac{-1}{3} = -B$
You're in trouble here.  Try typing  <return>  to proceed.
If that doesn't work, type  X <return>  to quit.

! Undefined control sequence.
l.11 $A + B = 0, B - 2A = 1 \Rightarrow A = \dfrac
                                                  {-1}{3} = -B$
The control sequence at the end of the top line
of your error message was never \def'ed. If you have
misspelled it (e.g., `\hobx'), type `I' and the correct
spelling (e.g., `I\hbox'). Otherwise just continue,
and I'll forget about whatever was undefined.


Overfull \hbox (35.27782pt too wide) in paragraph at lines 11--12
[]$\OML/cmm/m/it/10 A \OT1/cmr/m/n/10 +
 []


Overfull \hbox (18.64232pt too wide) in paragraph at lines 11--12
\OML/cmm/m/it/10 B \OT1/cmr/m/n/10 =
 []


Overfull \hbox (25.30904pt too wide) in paragraph at lines 11--12
\OT1/cmr/m/n/10 0\OML/cmm/m/it/10 ; B \OMS/cmsy/m/n/10 ^^@
 []


Overfull \hbox (23.05554pt too wide) in paragraph at lines 11--12
\OT1/cmr/m/n/10 2\OML/cmm/m/it/10 A \OT1/cmr/m/n/10 =
 []


Overfull \hbox (17.77774pt too wide) in paragraph at lines 11--12
\OT1/cmr/m/n/10 1 \OMS/cmsy/m/n/10 )
 []


Overfull \hbox (18.05553pt too wide) in paragraph at lines 11--12
\OML/cmm/m/it/10 A \OT1/cmr/m/n/10 =
 []


Overfull \hbox (28.33334pt too wide) in paragraph at lines 11--12
[]\OT1/cmr/m/n/10 3 =
 []


Overfull \hbox (15.86461pt too wide) in paragraph at lines 11--12
\OMS/cmsy/m/n/10 ^^@\OML/cmm/m/it/10 B$ 
 []


! LaTeX Error: Missing \begin{document}.

See the LaTeX manual or LaTeX Companion for explanation.
Type  H <return>  for immediate help.
 ...                                              
                                                  
l.13 $
      \dfrac{1}{(z + 1)(z - 2)} = \dfrac{1}{3(z - 2)} - \dfrac{1}{3(z + 1)} ...

You're in trouble here.  Try typing  <return>  to proceed.
If that doesn't work, type  X <return>  to quit.

! Undefined control sequence.
<recently read> \dfrac 
                       
l.13 $\dfrac
            {1}{(z + 1)(z - 2)} = \dfrac{1}{3(z - 2)} - \dfrac{1}{3(z + 1)} ...
The control sequence at the end of the top line
of your error message was never \def'ed. If you have
misspelled it (e.g., `\hobx'), type `I' and the correct
spelling (e.g., `I\hbox'). Otherwise just continue,
and I'll forget about whatever was undefined.

! Undefined control sequence.
l.13 $\dfrac{1}{(z + 1)(z - 2)} = \dfrac
                                        {1}{3(z - 2)} - \dfrac{1}{3(z + 1)} ...
The control sequence at the end of the top line
of your error message was never \def'ed. If you have
misspelled it (e.g., `\hobx'), type `I' and the correct
spelling (e.g., `I\hbox'). Otherwise just continue,
and I'll forget about whatever was undefined.

! Undefined control sequence.
l.13 ... 1)(z - 2)} = \dfrac{1}{3(z - 2)} - \dfrac
                                                  {1}{3(z + 1)} = \dfrac{1}{...
The control sequence at the end of the top line
of your error message was never \def'ed. If you have
misspelled it (e.g., `\hobx'), type `I' and the correct
spelling (e.g., `I\hbox'). Otherwise just continue,
and I'll forget about whatever was undefined.

! Undefined control sequence.
l.13 ...}{3(z - 2)} - \dfrac{1}{3(z + 1)} = \dfrac
                                                  {1}{3} \sum\limits_0^\inft...
The control sequence at the end of the top line
of your error message was never \def'ed. If you have
misspelled it (e.g., `\hobx'), type `I' and the correct
spelling (e.g., `I\hbox'). Otherwise just continue,
and I'll forget about whatever was undefined.

! Undefined control sequence.
l.13 ...} \sum\limits_0^\infty{(-1)^iz^i} + \dfrac
                                                  {1}{6} \sum_0^{infty}{\dfr...
The control sequence at the end of the top line
of your error message was never \def'ed. If you have
misspelled it (e.g., `\hobx'), type `I' and the correct
spelling (e.g., `I\hbox'). Otherwise just continue,
and I'll forget about whatever was undefined.

! Undefined control sequence.
l.13 ...iz^i} + \dfrac{1}{6} \sum_0^{infty}{\dfrac
                                                  {1}{2}^iz^i} = $
The control sequence at the end of the top line
of your error message was never \def'ed. If you have
misspelled it (e.g., `\hobx'), type `I' and the correct
spelling (e.g., `I\hbox'). Otherwise just continue,
and I'll forget about whatever was undefined.


Overfull \hbox (95.73604pt too wide) in paragraph at lines 13--14
[]$\OT1/cmr/m/n/10 1[] =
 []


Overfull \hbox (47.86809pt too wide) in paragraph at lines 13--14
\OT1/cmr/m/n/10 1[] \OMS/cmsy/m/n/10 ^^@
 []


Overfull \hbox (50.6458pt too wide) in paragraph at lines 13--14
\OT1/cmr/m/n/10 1[] =
 []


Overfull \hbox (63.97116pt too wide) in paragraph at lines 13--14
\OT1/cmr/m/n/10 13 [] [] +
 []


Overfull \hbox (76.47757pt too wide) in paragraph at lines 13--14
\OT1/cmr/m/n/10 16 [][] [] =$ 
 []


! LaTeX Error: Missing \begin{document}.

See the LaTeX manual or LaTeX Companion for explanation.
Type  H <return>  for immediate help.
 ...                                              
                                                  
l.15 $
       $
You're in trouble here.  Try typing  <return>  to proceed.
If that doesn't work, type  X <return>  to quit.


Overfull \hbox (20.0pt too wide) in paragraph at lines 15--16
[]$$ 
 []


! LaTeX Error: \begin{document} ended by \end{problem}.

See the LaTeX manual or LaTeX Companion for explanation.
Type  H <return>  for immediate help.
 ...                                              
                                                  
l.17 \end{problem}
                  
Your command was ignored.
Type  I <command> <return>  to replace it with another command,
or  <return>  to continue without it.


! LaTeX Error: Missing \begin{document}.

See the LaTeX manual or LaTeX Companion for explanation.
Type  H <return>  for immediate help.
 ...                                              
                                                  
l.19 ~
      \
You're in trouble here.  Try typing  <return>  to proceed.
If that doesn't work, type  X <return>  to quit.


Overfull \hbox (20.0pt too wide) in paragraph at lines 19--20
[]  
 []


! LaTeX Error: Missing \begin{document}.

See the LaTeX manual or LaTeX Companion for explanation.
Type  H <return>  for immediate help.
 ...                                              
                                                  
l.21 ~
      \
You're in trouble here.  Try typing  <return>  to proceed.
If that doesn't work, type  X <return>  to quit.


Overfull \hbox (20.0pt too wide) in paragraph at lines 21--22
[]  
 []


! LaTeX Error: Environment solution undefined.

See the LaTeX manual or LaTeX Companion for explanation.
Type  H <return>  for immediate help.
 ...                                              
                                                  
l.23 \begin{solution}
                     
Your command was ignored.
Type  I <command> <return>  to replace it with another command,
or  <return>  to continue without it.


! LaTeX Error: Missing \begin{document}.

See the LaTeX manual or LaTeX Companion for explanation.
Type  H <return>  for immediate help.
 ...                                              
                                                  
l.25 T
      his is a solution
You're in trouble here.  Try typing  <return>  to proceed.
If that doesn't work, type  X <return>  to quit.

Missing character: There is no T in font nullfont!
Missing character: There is no h in font nullfont!
Missing character: There is no i in font nullfont!
Missing character: There is no s in font nullfont!
Missing character: There is no i in font nullfont!
Missing character: There is no s in font nullfont!
Missing character: There is no a in font nullfont!
Missing character: There is no s in font nullfont!
Missing character: There is no o in font nullfont!
Missing character: There is no l in font nullfont!
Missing character: There is no u in font nullfont!
Missing character: There is no t in font nullfont!
Missing character: There is no i in font nullfont!
Missing character: There is no o in font nullfont!
Missing character: There is no n in font nullfont!

Overfull \hbox (20.0pt too wide) in paragraph at lines 25--26
[]
 []


! LaTeX Error: \begin{document} ended by \end{solution}.

See the LaTeX manual or LaTeX Companion for explanation.
Type  H <return>  for immediate help.
 ...                                              
                                                  
l.27 \end{solution}
                   
Your command was ignored.
Type  I <command> <return>  to replace it with another command,
or  <return>  to continue without it.

)
! Emergency stop.
<*> ./hw.tex
            
*** (job aborted, no legal \end found)

 
Here is how much of TeX's memory you used:
 12 strings out of 427836
 93 string characters out of 3152479
 62054 words of memory out of 3000000
 4069 multiletter control sequences out of 15000+200000
 3640 words of font info for 14 fonts, out of 3000000 for 9000
 1328 hyphenation exceptions out of 8191
 18i,3n,12p,181b,58s stack positions out of 5000i,500n,10000p,200000b,50000s
No pages of output.
